#
# A fatal error has been detected by the Java Runtime Environment:
#
#  EXCEPTION_ACCESS_VIOLATION (0xc0000005) at pc=0x00007ffac981e025, pid=13452, tid=10944
#
# JRE version: OpenJDK Runtime Environment Corretto-18.0.2.9.1 (18.0.2+9) (build 18.0.2+9-FR)
# Java VM: OpenJDK 64-Bit Server VM Corretto-18.0.2.9.1 (18.0.2+9-FR, mixed mode, sharing, tiered, compressed oops, compressed class ptrs, g1 gc, windows-amd64)
# Problematic frame:
# V  [jvm.dll+0x38e025]
#
# No core dump will be written. Minidumps are not enabled by default on client versions of Windows
#
# If you would like to submit a bug report, please visit:
#   https://github.com/corretto/corretto-18/issues/
#

---------------  S U M M A R Y ------------

Command Line: -javaagent:C:\Program Files\JetBrains\IntelliJ IDEA Community Edition 2022.3.3\lib\idea_rt.jar=64997:C:\Program Files\JetBrains\IntelliJ IDEA Community Edition 2022.3.3\bin -Dfile.encoding=UTF-8 -Dsun.stdout.encoding=UTF-8 -Dsun.stderr.encoding=UTF-8 tn.proosoftcloud.SecurityServiceApplication

Host: 12th Gen Intel(R) Core(TM) i5-1235U, 12 cores, 15G,  Windows 11 , 64 bit Build 22621 (10.0.22621.1778)
Time: Thu Jun 15 09:02:59 2023 W. Central Africa Standard Time elapsed time: 33336.642141 seconds (0d 9h 15m 36s)

---------------  T H R E A D  ---------------

Current thread (0x0000013ef7475750):  WorkerThread "GC Thread#2" [stack: 0x0000001c8d200000,0x0000001c8d300000] [id=10944]

Stack: [0x0000001c8d200000,0x0000001c8d300000],  sp=0x0000001c8d2ffd10,  free space=1023k
Native frames: (J=compiled Java code, j=interpreted, Vv=VM code, C=native code)
V  [jvm.dll+0x38e025]
V  [jvm.dll+0x6903d7]
V  [jvm.dll+0x327742]
V  [jvm.dll+0x858604]
V  [jvm.dll+0x7d9cba]
V  [jvm.dll+0x6848a5]
C  [ucrtbase.dll+0x29363]
C  [KERNEL32.DLL+0x126ad]
C  [ntdll.dll+0x5a9f8]


siginfo: EXCEPTION_ACCESS_VIOLATION (0xc0000005), reading address 0xffffffffffffffff


Register to memory mapping:

RIP=0x00007ffac981e025 jvm.dll
RAX=0x0800013ef463b2d8 is an unknown value
RBX=0x0000001c8c2fe7d8 points into unknown readable memory: 0x0000000000000001 | 01 00 00 00 00 00 00 00
RCX=0x0000000801110c00 is a pointer to class: 
org.springframework.orm.jpa.persistenceunit.DefaultPersistenceUnitManager {0x0000000801110c08}
 - instance size:     10
 - klass size:        102
 - access:            public synchronized 
 - state:             fully_initialized
 - name:              'org/springframework/orm/jpa/persistenceunit/DefaultPersistenceUnitManager'
 - super:             'java/lang/Object'
 - sub:               
 - arrays:            NULL
 - methods:           Array<T>(0x0000013ef463a758)
 - method ordering:   Array<T>(0x0000000800a7e180)
 - default_methods:   Array<T>(0x0000000000000000)
 - local interfaces:  Array<T>(0x0000013ef4637fa8)
 - trans. interfaces: Array<T>(0x0000013ef463cd18)
 - constants:         constant pool [692]/operands[14] {0x0000013ef4638ee0} for 'org/springframework/orm/jpa/persistenceunit/DefaultPersistenceUnitManager' cache=0x0000013ef46400f0
 - class loader data:  loader data: 0x0000013ef22d1120 for instance a 'jdk/internal/loader/ClassLoaders$AppClassLoader'{0x0000000705445a08}
 - source file:       'DefaultPersistenceUnitManager.java'
 - class annotations:       Array<T>(0x0000000000000000)
 - class type annotations:  Array<T>(0x0000000000000000)
 - field annotations:       Array<T>(0x0000013ef463a4c0)
 - field type annotations:  Array<T>(0x0000000000000000)
 - inner classes:     Array<T>(0x0000013ef463cce0)
 - nest members:     Array<T>(0x00000008005bcbd8)
 - permitted subclasses:     Array<T>(0x00000008005bcbd8)
 - java mirror:       a 'java/lang/Class'{0x0000000706a6f650} = 'org/springframework/orm/jpa/persistenceunit/DefaultPersistenceUnitManager'
 - vtable length      31  (start addr: 0x0000000801110db8)
 - itable length      15 (start addr: 0x0000000801110eb0)
 - ---- static fields (4 words):
 - private static final 'CLASS_RESOURCE_PATTERN' 'Ljava/lang/String;' @112 
 - private static final 'PACKAGE_INFO_SUFFIX' 'Ljava/lang/String;' @116 
 - private static final 'DEFAULT_ORM_XML_RESOURCE' 'Ljava/lang/String;' @120 
 - private static final 'PERSISTENCE_XML_FILENAME' 'Ljava/lang/String;' @124 
 - public static final 'DEFAULT_PERSISTENCE_XML_LOCATION' 'Ljava/lang/String;' @128 
 - public static final 'ORIGINAL_DEFAULT_PERSISTENCE_UNIT_ROOT_LOCATION' 'Ljava/lang/String;' @132 
 - public static final 'ORIGINAL_DEFAULT_PERSISTENCE_UNIT_NAME' 'Ljava/lang/String;' @136 
 - private static final 'entityTypeFilters' 'Ljava/util/Set;' @140 
 - ---- non-static fields (17 words):
 - protected final 'logger' 'Lorg/apache/commons/logging/Log;' @12 
 - private 'persistenceXmlLocations' '[Ljava/lang/String;' @16 
 - private 'defaultPersistenceUnitRootLocation' 'Ljava/lang/String;' @20 
 - private 'defaultPersistenceUnitName' 'Ljava/lang/String;' @24 
 - private 'packagesToScan' '[Ljava/lang/String;' @28 
 - private 'mappingResources' '[Ljava/lang/String;' @32 
 - private 'sharedCacheMode' 'Ljavax/persistence/SharedCacheMode;' @36 
 - private 'validationMode' 'Ljavax/persistence/ValidationMode;' @40 
 - private 'dataSourceLookup' 'Lorg/springframework/jdbc/datasource/lookup/DataSourceLookup;' @44 
 - private 'defaultDataSource' 'Ljavax/sql/DataSource;' @48 
 - private 'defaultJtaDataSource' 'Ljavax/sql/DataSource;' @52 
 - private 'persistenceUnitPostProcessors' '[Lorg/springframework/orm/jpa/persistenceunit/PersistenceUnitPostProcessor;' @56 
 - private 'loadTimeWeaver' 'Lorg/springframework/instrument/classloading/LoadTimeWeaver;' @60 
 - private 'resourcePatternResolver' 'Lorg/springframework/core/io/support/ResourcePatternResolver;' @64 
 - private 'componentsIndex' 'Lorg/springframework/context/index/CandidateComponentsIndex;' @68 
 - private final 'persistenceUnitInfoNames' 'Ljava/util/Set;' @72 
 - private final 'persistenceUnitInfos' 'Ljava/util/Map;' @76 
 - non-static oop maps: 12-76 
RDX=0x0000000801111e18 is a pointer to class: 
org.springframework.jdbc.datasource.lookup.DataSourceLookup {0x0000000801111e20}
 - instance size:     2
 - klass size:        61
 - access:            public interface abstract 
 - state:             linked
 - name:              'org/springframework/jdbc/datasource/lookup/DataSourceLookup'
 - super:             'java/lang/Object'
 - sub:               
 - nof implementors:  2
 - arrays:            NULL
 - methods:           Array<T>(0x0000013ef4638d80)
 - method ordering:   Array<T>(0x0000000800a7e180)
 - default_methods:   Array<T>(0x0000000000000000)
 - local interfaces:  Array<T>(0x00000008005bcc48)
 - trans. interfaces: Array<T>(0x00000008005bcc48)
 - constants:         constant pool [16] {0x0000013ef4638c90} for 'org/springframework/jdbc/datasource/lookup/DataSourceLookup' cache=0x0000013ef4641b08
 - class loader data:  loader data: 0x0000013ef22d1120 for instance a 'jdk/internal/loader/ClassLoaders$AppClassLoader'{0x0000000705445a08}
 - source file:       'DataSourceLookup.java'
 - class annotations:       Array<T>(0x0000013ef4638e28)
 - class type annotations:  Array<T>(0x0000000000000000)
 - field annotations:       Array<T>(0x0000000000000000)
 - field type annotations:  Array<T>(0x0000000000000000)
 - inner classes:     Array<T>(0x00000008005bcbd8)
 - nest members:     Array<T>(0x00000008005bcbd8)
 - permitted subclasses:     Array<T>(0x00000008005bcbd8)
 - java mirror:       a 'java/lang/Class'{0x0000000706a6f5c0} = 'org/springframework/jdbc/datasource/lookup/DataSourceLookup'
 - vtable length      5  (start addr: 0x0000000801111fd0)
 - itable length      0 (start addr: 0x0000000801111ff8)
 - ---- static fields (0 words):
 - ---- non-static fields (0 words):
 - non-static oop maps: 
RSP=0x0000001c8d2ffd10 points into unknown readable memory: 0x0000013ed7ffcb10 | 10 cb ff d7 3e 01 00 00
RBP=0x000000000000000d is an unknown value
RSI=0x0000000801110c00 is a pointer to class: 
org.springframework.orm.jpa.persistenceunit.DefaultPersistenceUnitManager {0x0000000801110c08}
 - instance size:     10
 - klass size:        102
 - access:            public synchronized 
 - state:             fully_initialized
 - name:              'org/springframework/orm/jpa/persistenceunit/DefaultPersistenceUnitManager'
 - super:             'java/lang/Object'
 - sub:               
 - arrays:            NULL
 - methods:           Array<T>(0x0000013ef463a758)
 - method ordering:   Array<T>(0x0000000800a7e180)
 - default_methods:   Array<T>(0x0000000000000000)
 - local interfaces:  Array<T>(0x0000013ef4637fa8)
 - trans. interfaces: Array<T>(0x0000013ef463cd18)
 - constants:         constant pool [692]/operands[14] {0x0000013ef4638ee0} for 'org/springframework/orm/jpa/persistenceunit/DefaultPersistenceUnitManager' cache=0x0000013ef46400f0
 - class loader data:  loader data: 0x0000013ef22d1120 for instance a 'jdk/internal/loader/ClassLoaders$AppClassLoader'{0x0000000705445a08}
 - source file:       'DefaultPersistenceUnitManager.java'
 - class annotations:       Array<T>(0x0000000000000000)
 - class type annotations:  Array<T>(0x0000000000000000)
 - field annotations:       Array<T>(0x0000013ef463a4c0)
 - field type annotations:  Array<T>(0x0000000000000000)
 - inner classes:     Array<T>(0x0000013ef463cce0)
 - nest members:     Array<T>(0x00000008005bcbd8)
 - permitted subclasses:     Array<T>(0x00000008005bcbd8)
 - java mirror:       a 'java/lang/Class'{0x0000000706a6f650} = 'org/springframework/orm/jpa/persistenceunit/DefaultPersistenceUnitManager'
 - vtable length      31  (start addr: 0x0000000801110db8)
 - itable length      15 (start addr: 0x0000000801110eb0)
 - ---- static fields (4 words):
 - private static final 'CLASS_RESOURCE_PATTERN' 'Ljava/lang/String;' @112 
 - private static final 'PACKAGE_INFO_SUFFIX' 'Ljava/lang/String;' @116 
 - private static final 'DEFAULT_ORM_XML_RESOURCE' 'Ljava/lang/String;' @120 
 - private static final 'PERSISTENCE_XML_FILENAME' 'Ljava/lang/String;' @124 
 - public static final 'DEFAULT_PERSISTENCE_XML_LOCATION' 'Ljava/lang/String;' @128 
 - public static final 'ORIGINAL_DEFAULT_PERSISTENCE_UNIT_ROOT_LOCATION' 'Ljava/lang/String;' @132 
 - public static final 'ORIGINAL_DEFAULT_PERSISTENCE_UNIT_NAME' 'Ljava/lang/String;' @136 
 - private static final 'entityTypeFilters' 'Ljava/util/Set;' @140 
 - ---- non-static fields (17 words):
 - protected final 'logger' 'Lorg/apache/commons/logging/Log;' @12 
 - private 'persistenceXmlLocations' '[Ljava/lang/String;' @16 
 - private 'defaultPersistenceUnitRootLocation' 'Ljava/lang/String;' @20 
 - private 'defaultPersistenceUnitName' 'Ljava/lang/String;' @24 
 - private 'packagesToScan' '[Ljava/lang/String;' @28 
 - private 'mappingResources' '[Ljava/lang/String;' @32 
 - private 'sharedCacheMode' 'Ljavax/persistence/SharedCacheMode;' @36 
 - private 'validationMode' 'Ljavax/persistence/ValidationMode;' @40 
 - private 'dataSourceLookup' 'Lorg/springframework/jdbc/datasource/lookup/DataSourceLookup;' @44 
 - private 'defaultDataSource' 'Ljavax/sql/DataSource;' @48 
 - private 'defaultJtaDataSource' 'Ljavax/sql/DataSource;' @52 
 - private 'persistenceUnitPostProcessors' '[Lorg/springframework/orm/jpa/persistenceunit/PersistenceUnitPostProcessor;' @56 
 - private 'loadTimeWeaver' 'Lorg/springframework/instrument/classloading/LoadTimeWeaver;' @60 
 - private 'resourcePatternResolver' 'Lorg/springframework/core/io/support/ResourcePatternResolver;' @64 
 - private 'componentsIndex' 'Lorg/springframework/context/index/CandidateComponentsIndex;' @68 
 - private final 'persistenceUnitInfoNames' 'Ljava/util/Set;' @72 
 - private final 'persistenceUnitInfos' 'Ljava/util/Map;' @76 
 - non-static oop maps: 12-76 
RDI=0x0 is NULL
R8 =0x0000000801110c00 is a pointer to class: 
org.springframework.orm.jpa.persistenceunit.DefaultPersistenceUnitManager {0x0000000801110c08}
 - instance size:     10
 - klass size:        102
 - access:            public synchronized 
 - state:             fully_initialized
 - name:              'org/springframework/orm/jpa/persistenceunit/DefaultPersistenceUnitManager'
 - super:             'java/lang/Object'
 - sub:               
 - arrays:            NULL
 - methods:           Array<T>(0x0000013ef463a758)
 - method ordering:   Array<T>(0x0000000800a7e180)
 - default_methods:   Array<T>(0x0000000000000000)
 - local interfaces:  Array<T>(0x0000013ef4637fa8)
 - trans. interfaces: Array<T>(0x0000013ef463cd18)
 - constants:         constant pool [692]/operands[14] {0x0000013ef4638ee0} for 'org/springframework/orm/jpa/persistenceunit/DefaultPersistenceUnitManager' cache=0x0000013ef46400f0
 - class loader data:  loader data: 0x0000013ef22d1120 for instance a 'jdk/internal/loader/ClassLoaders$AppClassLoader'{0x0000000705445a08}
 - source file:       'DefaultPersistenceUnitManager.java'
 - class annotations:       Array<T>(0x0000000000000000)
 - class type annotations:  Array<T>(0x0000000000000000)
 - field annotations:       Array<T>(0x0000013ef463a4c0)
 - field type annotations:  Array<T>(0x0000000000000000)
 - inner classes:     Array<T>(0x0000013ef463cce0)
 - nest members:     Array<T>(0x00000008005bcbd8)
 - permitted subclasses:     Array<T>(0x00000008005bcbd8)
 - java mirror:       a 'java/lang/Class'{0x0000000706a6f650} = 'org/springframework/orm/jpa/persistenceunit/DefaultPersistenceUnitManager'
 - vtable length      31  (start addr: 0x0000000801110db8)
 - itable length      15 (start addr: 0x0000000801110eb0)
 - ---- static fields (4 words):
 - private static final 'CLASS_RESOURCE_PATTERN' 'Ljava/lang/String;' @112 
 - private static final 'PACKAGE_INFO_SUFFIX' 'Ljava/lang/String;' @116 
 - private static final 'DEFAULT_ORM_XML_RESOURCE' 'Ljava/lang/String;' @120 
 - private static final 'PERSISTENCE_XML_FILENAME' 'Ljava/lang/String;' @124 
 - public static final 'DEFAULT_PERSISTENCE_XML_LOCATION' 'Ljava/lang/String;' @128 
 - public static final 'ORIGINAL_DEFAULT_PERSISTENCE_UNIT_ROOT_LOCATION' 'Ljava/lang/String;' @132 
 - public static final 'ORIGINAL_DEFAULT_PERSISTENCE_UNIT_NAME' 'Ljava/lang/String;' @136 
 - private static final 'entityTypeFilters' 'Ljava/util/Set;' @140 
 - ---- non-static fields (17 words):
 - protected final 'logger' 'Lorg/apache/commons/logging/Log;' @12 
 - private 'persistenceXmlLocations' '[Ljava/lang/String;' @16 
 - private 'defaultPersistenceUnitRootLocation' 'Ljava/lang/String;' @20 
 - private 'defaultPersistenceUnitName' 'Ljava/lang/String;' @24 
 - private 'packagesToScan' '[Ljava/lang/String;' @28 
 - private 'mappingResources' '[Ljava/lang/String;' @32 
 - private 'sharedCacheMode' 'Ljavax/persistence/SharedCacheMode;' @36 
 - private 'validationMode' 'Ljavax/persistence/ValidationMode;' @40 
 - private 'dataSourceLookup' 'Lorg/springframework/jdbc/datasource/lookup/DataSourceLookup;' @44 
 - private 'defaultDataSource' 'Ljavax/sql/DataSource;' @48 
 - private 'defaultJtaDataSource' 'Ljavax/sql/DataSource;' @52 
 - private 'persistenceUnitPostProcessors' '[Lorg/springframework/orm/jpa/persistenceunit/PersistenceUnitPostProcessor;' @56 
 - private 'loadTimeWeaver' 'Lorg/springframework/instrument/classloading/LoadTimeWeaver;' @60 
 - private 'resourcePatternResolver' 'Lorg/springframework/core/io/support/ResourcePatternResolver;' @64 
 - private 'componentsIndex' 'Lorg/springframework/context/index/CandidateComponentsIndex;' @68 
 - private final 'persistenceUnitInfoNames' 'Ljava/util/Set;' @72 
 - private final 'persistenceUnitInfos' 'Ljava/util/Map;' @76 
 - non-static oop maps: 12-76 
R9 =0x0 is NULL
R10=0x0 is NULL
R11=0x0000001c8d2ffd70 points into unknown readable memory: 0x0000000000000000 | 00 00 00 00 00 00 00 00
R12=0x0 is NULL
R13=0x0 is NULL
R14=0x0000000000000068 is an unknown value
R15=0x00000000000003d8 is an unknown value


Registers:
RAX=0x0800013ef463b2d8, RBX=0x0000001c8c2fe7d8, RCX=0x0000000801110c00, RDX=0x0000000801111e18
RSP=0x0000001c8d2ffd10, RBP=0x000000000000000d, RSI=0x0000000801110c00, RDI=0x0000000000000000
R8 =0x0000000801110c00, R9 =0x0000000000000000, R10=0x0000000000000000, R11=0x0000001c8d2ffd70
R12=0x0000000000000000, R13=0x0000000000000000, R14=0x0000000000000068, R15=0x00000000000003d8
RIP=0x00007ffac981e025, EFLAGS=0x0000000000010283

Top of Stack: (sp=0x0000001c8d2ffd10)
0x0000001c8d2ffd10:   0000013ed7ffcb10 0000013ed7ffd790
0x0000001c8d2ffd20:   0000013ed7ffe410 0000013ed8001e90
0x0000001c8d2ffd30:   0000013ef6755538 0000000000000000
0x0000001c8d2ffd40:   0000013ef6f1ec10 0000013ef6755150
0x0000001c8d2ffd50:   0000013ef6755160 00007ffac9b203d7
0x0000001c8d2ffd60:   00004773c4c2deef 0000000000000001
0x0000001c8d2ffd70:   0000000000000000 0000001c8c2fe7d8
0x0000001c8d2ffd80:   0000000000000000 0000013ef7475750
0x0000001c8d2ffd90:   0000000000000000 00007ffac97b7742
0x0000001c8d2ffda0:   0000000000000000 0000001c8c2fe780
0x0000001c8d2ffdb0:   0000000000000000 0000013ef7475750
0x0000001c8d2ffdc0:   0000000000000000 00007ffac9ce8604
0x0000001c8d2ffdd0:   0000013ecf073a08 0000013ecf073a08
0x0000001c8d2ffde0:   0000013e00000000 00000000000001cc
0x0000001c8d2ffdf0:   00000000000075a3 00007ffac9c69cba
0x0000001c8d2ffe00:   0000013ef7475750 00000000000075a3 

Instructions: (pc=0x00007ffac981e025)
0x00007ffac981df25:   00 00 e8 64 ee ff ff 48 8b 18 48 85 db 0f 84 d6
0x00007ffac981df35:   00 00 00 0f 1f 84 00 00 00 00 00 48 8b 8b 98 00
0x00007ffac981df45:   00 00 e8 24 3e e8 ff 84 c0 0f 85 ba 00 00 00 48
0x00007ffac981df55:   8b ce e8 34 ee ff ff 48 8b c8 48 8b c3 f0 4c 0f
0x00007ffac981df65:   b1 29 74 15 48 8b ce e8 1f ee ff ff 48 8b 18 48
0x00007ffac981df75:   85 db 75 c7 e9 90 00 00 00 4c 39 2d 8b 53 80 00
0x00007ffac981df85:   0f 84 83 00 00 00 8b 15 1b 6a 84 00 65 48 8b 04
0x00007ffac981df95:   25 58 00 00 00 b9 20 00 00 00 4c 89 64 24 58 4c
0x00007ffac981dfa5:   89 7c 24 60 48 8b 04 d0 48 8b 14 08 48 8b cb 48
0x00007ffac981dfb5:   8b ba 18 02 00 00 48 8b 6f 10 4c 8b 77 18 4c 8b
0x00007ffac981dfc5:   7f 20 4c 8b 67 28 e8 f0 c7 1b 00 48 8b d0 48 8d
0x00007ffac981dfd5:   0d 66 57 5d 00 e8 d1 d2 ff ff 4c 39 6d 00 74 13
0x00007ffac981dfe5:   49 8b d4 48 8b cf e8 40 68 d4 ff 48 8b cd e8 18
0x00007ffac981dff5:   68 d4 ff 4c 8b 64 24 58 4c 89 7f 20 4c 8b 7c 24
0x00007ffac981e005:   60 48 89 6f 10 4c 89 77 18 48 8b 86 80 01 00 00
0x00007ffac981e015:   41 8b ed 44 39 28 7e 5a 4d 8b f5 49 8b 44 06 08
0x00007ffac981e025:   48 8b 78 10 48 85 ff 74 38 8b 05 7c 0b 82 00 83
0x00007ffac981e035:   f8 02 75 05 49 8b dd eb 11 48 8d 5f 18 48 85 db
0x00007ffac981e045:   74 08 48 8b cb e8 81 9e 2c 00 33 d2 48 8b cf e8
0x00007ffac981e055:   d7 15 2b 00 48 85 db 74 08 48 8b cb e8 2a a0 2c
0x00007ffac981e065:   00 48 8b 86 80 01 00 00 ff c5 49 83 c6 08 3b 28
0x00007ffac981e075:   7c a9 48 8b 5c 24 68 48 83 c4 20 41 5e 41 5d 5f
0x00007ffac981e085:   5e 5d c3 cc cc cc cc cc cc cc cc 4c 8b dc 53 55
0x00007ffac981e095:   56 41 54 41 55 41 56 41 57 48 83 ec 60 33 ed 4d
0x00007ffac981e0a5:   89 43 b0 40 88 2a 49 8b f0 48 8b 81 d0 00 00 00
0x00007ffac981e0b5:   4c 8b ea 49 89 43 a8 4c 8b f1 48 85 c0 74 14 49
0x00007ffac981e0c5:   8b 88 28 02 00 00 49 8d 53 10 49 89 43 10 e8 38
0x00007ffac981e0d5:   1d c9 ff 4d 8b a6 d8 00 00 00 4d 85 e4 74 21 41
0x00007ffac981e0e5:   8b 0c 24 8b c1 25 03 00 00 80 7d 07 ff c8 83 c8
0x00007ffac981e0f5:   fc ff c0 83 f8 02 44 8d 79 fe 44 0f 45 f9 eb 03
0x00007ffac981e105:   44 8b fd 48 89 bc 24 b0 00 00 00 8b dd 45 85 ff
0x00007ffac981e115:   0f 8e 8d 00 00 00 0f 1f 44 00 00 48 63 c3 41 0f 


Stack slot to memory mapping:
stack at sp + 0 slots: 0x0000013ed7ffcb10 is at entry_point+-624 in (nmethod*)0x0000013ed7ffcb10
Compiled method (c1) 33336683 8235       3       com.fasterxml.jackson.core.json.UTF8StreamJsonParser::parseMediumName (269 bytes)
 total in heap  [0x0000013ed7ffcb10,0x0000013ed7ffd710] = 3072
 relocation     [0x0000013ed7ffcc68,0x0000013ed7ffcd78] = 272
 main code      [0x0000013ed7ffcd80,0x0000013ed7ffd460] = 1760
 stub code      [0x0000013ed7ffd460,0x0000013ed7ffd528] = 200
 oops           [0x0000013ed7ffd528,0x0000013ed7ffd530] = 8
 metadata       [0x0000013ed7ffd530,0x0000013ed7ffd540] = 16
 scopes data    [0x0000013ed7ffd540,0x0000013ed7ffd5b8] = 120
 scopes pcs     [0x0000013ed7ffd5b8,0x0000013ed7ffd6e8] = 304
 dependencies   [0x0000013ed7ffd6e8,0x0000013ed7ffd6f0] = 8
 nul chk table  [0x0000013ed7ffd6f0,0x0000013ed7ffd710] = 32
stack at sp + 1 slots: 0x0000013ed7ffd790 is at entry_point+-528 in (nmethod*)0x0000013ed7ffd790
Compiled method (c1) 33336683 8236   !   3       org.apache.catalina.core.StandardContext::getLoader (38 bytes)
 total in heap  [0x0000013ed7ffd790,0x0000013ed7ffe3c0] = 3120
 relocation     [0x0000013ed7ffd8e8,0x0000013ed7ffd9a0] = 184
 main code      [0x0000013ed7ffd9a0,0x0000013ed7ffe040] = 1696
 stub code      [0x0000013ed7ffe040,0x0000013ed7ffe0c8] = 136
 oops           [0x0000013ed7ffe0c8,0x0000013ed7ffe0d0] = 8
 metadata       [0x0000013ed7ffe0d0,0x0000013ed7ffe120] = 80
 scopes data    [0x0000013ed7ffe120,0x0000013ed7ffe238] = 280
 scopes pcs     [0x0000013ed7ffe238,0x0000013ed7ffe378] = 320
 dependencies   [0x0000013ed7ffe378,0x0000013ed7ffe390] = 24
 nul chk table  [0x0000013ed7ffe390,0x0000013ed7ffe3c0] = 48
stack at sp + 2 slots: 0x0000013ed7ffe410 is at entry_point+-1104 in (nmethod*)0x0000013ed7ffe410
Compiled method (c1) 33336683 8237       3       java.lang.invoke.VarHandleGuards::guard_LI_V (125 bytes)
 total in heap  [0x0000013ed7ffe410,0x0000013ed8001e20] = 14864
 relocation     [0x0000013ed7ffe568,0x0000013ed7ffe850] = 744
 main code      [0x0000013ed7ffe860,0x0000013ed8001140] = 10464
 stub code      [0x0000013ed8001140,0x0000013ed8001298] = 344
 oops           [0x0000013ed8001298,0x0000013ed80012a0] = 8
 metadata       [0x0000013ed80012a0,0x0000013ed8001328] = 136
 scopes data    [0x0000013ed8001328,0x0000013ed80017a8] = 1152
 scopes pcs     [0x0000013ed80017a8,0x0000013ed8001d38] = 1424
 dependencies   [0x0000013ed8001d38,0x0000013ed8001d48] = 16
 nul chk table  [0x0000013ed8001d48,0x0000013ed8001e20] = 216
stack at sp + 3 slots: 0x0000013ed8001e90 is at entry_point+-432 in (nmethod*)0x0000013ed8001e90
Compiled method (c1) 33336684 8239       3       org.springframework.web.util.UriComponents::<init> (15 bytes)
 total in heap  [0x0000013ed8001e90,0x0000013ed8002300] = 1136
 relocation     [0x0000013ed8001fe8,0x0000013ed8002028] = 64
 main code      [0x0000013ed8002040,0x0000013ed8002240] = 512
 stub code      [0x0000013ed8002240,0x0000013ed8002278] = 56
 oops           [0x0000013ed8002278,0x0000013ed8002280] = 8
 metadata       [0x0000013ed8002280,0x0000013ed8002298] = 24
 scopes data    [0x0000013ed8002298,0x0000013ed80022b8] = 32
 scopes pcs     [0x0000013ed80022b8,0x0000013ed80022f8] = 64
 dependencies   [0x0000013ed80022f8,0x0000013ed8002300] = 8
stack at sp + 4 slots: 0x0000013ef6755538 points into unknown readable memory: 0x88000f006e7ab2e8 | e8 b2 7a 6e 00 0f 00 88
stack at sp + 5 slots: 0x0 is NULL
stack at sp + 6 slots: 0x0000013ef6f1ec10 points into unknown readable memory: 0x0000000000000002 | 02 00 00 00 00 00 00 00
stack at sp + 7 slots: 0x0000013ef6755150 points into unknown readable memory: 0x0000000000000000 | 00 00 00 00 00 00 00 00


---------------  P R O C E S S  ---------------

Threads class SMR info:
_java_thread_list=0x0000013eccdd50b0, length=29, elements={
0x0000013ef22a9100, 0x0000013ef22a96b0, 0x0000013ef22c3cd0, 0x0000013ef22c61a0,
0x0000013ef22c6e00, 0x0000013ef22c7b50, 0x0000013ef22cf940, 0x0000013ef22d26e0,
0x0000013ef22d5c20, 0x0000013ef65a54f0, 0x0000013ef65a5e90, 0x0000013ef65a6360,
0x0000013ef65a3ce0, 0x0000013efa541320, 0x0000013efa5417f0, 0x0000013efa53fb10,
0x0000013efa53e300, 0x0000013efa53b7b0, 0x0000013efa53d960, 0x0000013efa5404b0,
0x0000013efa53f170, 0x0000013efa540980, 0x0000013efa53c150, 0x0000013efa53c620,
0x0000013efa53b2e0, 0x0000013efa53a470, 0x0000013efa53caf0, 0x0000013efa53de30,
0x0000013efa53ffe0
}

Java Threads: ( => current thread )
  0x0000013ef22a9100 JavaThread "Reference Handler" daemon [_thread_blocked, id=21616, stack(0x0000001c8c300000,0x0000001c8c400000)]
  0x0000013ef22a96b0 JavaThread "Finalizer" daemon [_thread_blocked, id=21796, stack(0x0000001c8c400000,0x0000001c8c500000)]
  0x0000013ef22c3cd0 JavaThread "Signal Dispatcher" daemon [_thread_blocked, id=8636, stack(0x0000001c8c500000,0x0000001c8c600000)]
  0x0000013ef22c61a0 JavaThread "Attach Listener" daemon [_thread_blocked, id=21072, stack(0x0000001c8c600000,0x0000001c8c700000)]
  0x0000013ef22c6e00 JavaThread "Service Thread" daemon [_thread_blocked, id=792, stack(0x0000001c8c700000,0x0000001c8c800000)]
  0x0000013ef22c7b50 JavaThread "Monitor Deflation Thread" daemon [_thread_blocked, id=9464, stack(0x0000001c8c800000,0x0000001c8c900000)]
  0x0000013ef22cf940 JavaThread "C2 CompilerThread0" daemon [_thread_blocked, id=10880, stack(0x0000001c8c900000,0x0000001c8ca00000)]
  0x0000013ef22d26e0 JavaThread "C1 CompilerThread0" daemon [_thread_blocked, id=2412, stack(0x0000001c8ca00000,0x0000001c8cb00000)]
  0x0000013ef22d5c20 JavaThread "Sweeper thread" daemon [_thread_blocked, id=11512, stack(0x0000001c8cb00000,0x0000001c8cc00000)]
  0x0000013ef65a54f0 JavaThread "Common-Cleaner" daemon [_thread_blocked, id=2880, stack(0x0000001c8cc00000,0x0000001c8cd00000)]
  0x0000013ef65a5e90 JavaThread "Monitor Ctrl-Break" daemon [_thread_in_native, id=2904, stack(0x0000001c8ce00000,0x0000001c8cf00000)]
  0x0000013ef65a6360 JavaThread "Notification Thread" daemon [_thread_blocked, id=22304, stack(0x0000001c8cf00000,0x0000001c8d000000)]
  0x0000013ef65a3ce0 JavaThread "HikariPool-1 housekeeper" daemon [_thread_blocked, id=9832, stack(0x0000001c8df00000,0x0000001c8e000000)]
  0x0000013efa541320 JavaThread "Catalina-utility-1" [_thread_blocked, id=5792, stack(0x0000001c8e100000,0x0000001c8e200000)]
  0x0000013efa5417f0 JavaThread "Catalina-utility-2" [_thread_blocked, id=18720, stack(0x0000001c8e200000,0x0000001c8e300000)]
  0x0000013efa53fb10 JavaThread "container-0" [_thread_blocked, id=6240, stack(0x0000001c8e300000,0x0000001c8e400000)]
  0x0000013efa53e300 JavaThread "spring.cloud.inetutils" daemon [_thread_blocked, id=3932, stack(0x0000001c8e400000,0x0000001c8e500000)]
  0x0000013efa53b7b0 JavaThread "File Watcher" daemon [_thread_blocked, id=3700, stack(0x0000001c8d700000,0x0000001c8d800000)]
  0x0000013efa53d960 JavaThread "Live Reload Server" daemon [_thread_in_native, id=20584, stack(0x0000001c8e600000,0x0000001c8e700000)]
  0x0000013efa5404b0 JavaThread "AsyncResolver-bootstrap-0" daemon [_thread_blocked, id=16080, stack(0x0000001c8e000000,0x0000001c8e100000)]
  0x0000013efa53f170 JavaThread "DiscoveryClient-0" daemon [_thread_blocked, id=9152, stack(0x0000001c8e500000,0x0000001c8e600000)]
  0x0000013efa540980 JavaThread "DiscoveryClient-1" daemon [_thread_blocked, id=13192, stack(0x0000001c8e700000,0x0000001c8e800000)]
  0x0000013efa53c150 JavaThread "DiscoveryClient-InstanceInfoReplicator-0" daemon [_thread_blocked, id=21420, stack(0x0000001c8e800000,0x0000001c8e900000)]
  0x0000013efa53c620 JavaThread "http-nio-8080-Poller" daemon [_thread_in_native, id=3776, stack(0x0000001c8e900000,0x0000001c8ea00000)]
  0x0000013efa53b2e0 JavaThread "http-nio-8080-Acceptor" daemon [_thread_in_native, id=2324, stack(0x0000001c8ea00000,0x0000001c8eb00000)]
  0x0000013efa53a470 JavaThread "DestroyJavaVM" [_thread_blocked, id=4636, stack(0x0000001c8bc00000,0x0000001c8bd00000)]
  0x0000013efa53caf0 JavaThread "DiscoveryClient-CacheRefreshExecutor-0" daemon [_thread_blocked, id=22360, stack(0x0000001c8d900000,0x0000001c8da00000)]
  0x0000013efa53de30 JavaThread "DiscoveryClient-HeartbeatExecutor-0" daemon [_thread_blocked, id=13956, stack(0x0000001c8eb00000,0x0000001c8ec00000)]
  0x0000013efa53ffe0 JavaThread "AsyncResolver-bootstrap-executor-0" daemon [_thread_blocked, id=21328, stack(0x0000001c8ba00000,0x0000001c8bb00000)]

Other Threads:
  0x0000013ef22a6100 VMThread "VM Thread" [stack: 0x0000001c8c200000,0x0000001c8c300000] [id=20384]
  0x0000013ef682c000 WatcherThread "VM Periodic Task Thread" [stack: 0x0000001c8d000000,0x0000001c8d100000] [id=20632]
  0x0000013ecf0d17a0 WorkerThread "GC Thread#0" [stack: 0x0000001c8bd00000,0x0000001c8be00000] [id=22236]
  0x0000013ef74754b0 WorkerThread "GC Thread#1" [stack: 0x0000001c8d100000,0x0000001c8d200000] [id=20600]
=>0x0000013ef7475750 WorkerThread "GC Thread#2" [stack: 0x0000001c8d200000,0x0000001c8d300000] [id=10944]
  0x0000013ef74759f0 WorkerThread "GC Thread#3" [stack: 0x0000001c8d300000,0x0000001c8d400000] [id=2096]
  0x0000013ef6de2090 WorkerThread "GC Thread#4" [stack: 0x0000001c8d400000,0x0000001c8d500000] [id=14340]
  0x0000013ef6e57540 WorkerThread "GC Thread#5" [stack: 0x0000001c8d500000,0x0000001c8d600000] [id=12304]
  0x0000013ef701de90 WorkerThread "GC Thread#6" [stack: 0x0000001c8d600000,0x0000001c8d700000] [id=10812]
  0x0000013ef796d630 WorkerThread "GC Thread#7" [stack: 0x0000001c8da00000,0x0000001c8db00000] [id=21020]
  0x0000013ef7571080 WorkerThread "GC Thread#8" [stack: 0x0000001c8db00000,0x0000001c8dc00000] [id=6696]
  0x0000013ef7571da0 WorkerThread "GC Thread#9" [stack: 0x0000001c8dc00000,0x0000001c8dd00000] [id=9896]
  0x0000013ecf0e2330 ConcurrentGCThread "G1 Main Marker" [stack: 0x0000001c8be00000,0x0000001c8bf00000] [id=2036]
  0x0000013ecf0e3d30 WorkerThread "G1 Conc#0" [stack: 0x0000001c8bf00000,0x0000001c8c000000] [id=21596]
  0x0000013ef7571320 WorkerThread "G1 Conc#1" [stack: 0x0000001c8dd00000,0x0000001c8de00000] [id=7384]
  0x0000013ef7570600 WorkerThread "G1 Conc#2" [stack: 0x0000001c8de00000,0x0000001c8df00000] [id=19232]
  0x0000013ef215e8b0 ConcurrentGCThread "G1 Refine#0" [stack: 0x0000001c8c000000,0x0000001c8c100000] [id=21604]
  0x0000013ef2160de0 ConcurrentGCThread "G1 Service" [stack: 0x0000001c8c100000,0x0000001c8c200000] [id=7408]

Threads with active compile tasks:

VM state: at safepoint (normal execution)

VM Mutex/Monitor currently owned by a thread:  ([mutex/lock_event])
[0x0000013ecf05e1b0] Threads_lock - owner thread: 0x0000013ef22a6100
[0x0000013ecf05e360] Heap_lock - owner thread: 0x0000013ecf0e2330

Heap address: 0x0000000705000000, size: 4016 MB, Compressed Oops mode: Zero based, Oop shift amount: 3

CDS archive(s) mapped at: [0x0000000800000000-0x0000000800ba0000-0x0000000800ba0000), size 12189696, SharedBaseAddress: 0x0000000800000000, ArchiveRelocationMode: 0.
Compressed class space mapped at: 0x0000000800c00000-0x0000000840c00000, reserved size: 1073741824
Narrow klass base: 0x0000000800000000, Narrow klass shift: 0, Narrow klass range: 0x100000000

GC Precious Log:
 CardTable entry size: 512
 Card Set container configuration: InlinePtr #cards 4 size 8 Array Of Cards #cards 16 size 48 Howl #buckets 8 coarsen threshold 3686 Howl Bitmap #cards 512 size 80 coarsen threshold 460 Card regions per heap region 1 cards per card region 4096
 CPUs: 12 total, 12 available
 Memory: 16057M
 Large Page Support: Disabled
 NUMA Support: Disabled
 Compressed Oops: Enabled (Zero based)
 Heap Region Size: 2M
 Heap Min Capacity: 8M
 Heap Initial Capacity: 252M
 Heap Max Capacity: 4016M
 Pre-touch: Disabled
 Parallel Workers: 10
 Concurrent Workers: 3
 Concurrent Refinement Workers: 10
 Periodic GC: Disabled

Heap:
 garbage-first heap   total 98304K, used 54449K [0x0000000705000000, 0x0000000800000000)
  region size 2048K, 2 young (4096K), 1 survivors (2048K)
 Metaspace       used 73051K, committed 73728K, reserved 1114112K
  class space    used 9747K, committed 10112K, reserved 1048576K

Heap Regions: E=young(eden), S=young(survivor), O=old, HS=humongous(starts), HC=humongous(continues), CS=collection set, F=free, OA=open archive, CA=closed archive, TAMS=top-at-mark-start (previous, next)
|   0|0x0000000705000000, 0x0000000705200000, 0x0000000705200000|100%| O|  |TAMS 0x0000000705200000, 0x0000000705200000| Untracked 
|   1|0x0000000705200000, 0x0000000705400000, 0x0000000705400000|100%| O|  |TAMS 0x0000000705400000, 0x0000000705400000| Untracked 
|   2|0x0000000705400000, 0x0000000705600000, 0x0000000705600000|100%| O|  |TAMS 0x0000000705600000, 0x0000000705600000| Untracked 
|   3|0x0000000705600000, 0x0000000705800000, 0x0000000705800000|100%| O|  |TAMS 0x0000000705800000, 0x0000000705800000| Untracked 
|   4|0x0000000705800000, 0x0000000705a00000, 0x0000000705a00000|100%| O|  |TAMS 0x0000000705a00000, 0x0000000705a00000| Untracked 
|   5|0x0000000705a00000, 0x0000000705c00000, 0x0000000705c00000|100%| O|  |TAMS 0x0000000705c00000, 0x0000000705c00000| Untracked 
|   6|0x0000000705c00000, 0x0000000705e00000, 0x0000000705e00000|100%| O|  |TAMS 0x0000000705e00000, 0x0000000705e00000| Untracked 
|   7|0x0000000705e00000, 0x0000000706000000, 0x0000000706000000|100%| O|  |TAMS 0x0000000706000000, 0x0000000706000000| Untracked 
|   8|0x0000000706000000, 0x0000000706200000, 0x0000000706200000|100%| O|  |TAMS 0x0000000706200000, 0x0000000706200000| Untracked 
|   9|0x0000000706200000, 0x0000000706400000, 0x0000000706400000|100%| O|  |TAMS 0x0000000706400000, 0x0000000706400000| Untracked 
|  10|0x0000000706400000, 0x0000000706400000, 0x0000000706600000|  0%| F|  |TAMS 0x0000000706400000, 0x0000000706400000| Untracked 
|  11|0x0000000706600000, 0x0000000706800000, 0x0000000706800000|100%| O|  |TAMS 0x0000000706800000, 0x0000000706800000| Untracked 
|  12|0x0000000706800000, 0x0000000706a00000, 0x0000000706a00000|100%| O|  |TAMS 0x0000000706a00000, 0x0000000706a00000| Untracked 
|  13|0x0000000706a00000, 0x0000000706c00000, 0x0000000706c00000|100%| O|  |TAMS 0x0000000706c00000, 0x0000000706c00000| Untracked 
|  14|0x0000000706c00000, 0x0000000706e00000, 0x0000000706e00000|100%| O|  |TAMS 0x0000000706e00000, 0x0000000706e00000| Untracked 
|  15|0x0000000706e00000, 0x0000000707000000, 0x0000000707000000|100%| O|  |TAMS 0x0000000707000000, 0x0000000707000000| Untracked 
|  16|0x0000000707000000, 0x0000000707200000, 0x0000000707200000|100%| O|  |TAMS 0x0000000707200000, 0x0000000707200000| Untracked 
|  17|0x0000000707200000, 0x0000000707400000, 0x0000000707400000|100%| O|  |TAMS 0x0000000707400000, 0x0000000707400000| Untracked 
|  18|0x0000000707400000, 0x0000000707600000, 0x0000000707600000|100%| O|  |TAMS 0x0000000707600000, 0x0000000707600000| Untracked 
|  19|0x0000000707600000, 0x0000000707800000, 0x0000000707800000|100%| O|  |TAMS 0x0000000707800000, 0x0000000707800000| Untracked 
|  20|0x0000000707800000, 0x0000000707a00000, 0x0000000707a00000|100%| O|  |TAMS 0x0000000707a00000, 0x0000000707a00000| Untracked 
|  21|0x0000000707a00000, 0x0000000707c00000, 0x0000000707c00000|100%| O|  |TAMS 0x0000000707a86600, 0x0000000707c00000| Untracked 
|  22|0x0000000707c00000, 0x0000000707e00000, 0x0000000707e00000|100%| O|  |TAMS 0x0000000707c00000, 0x0000000707e00000| Untracked 
|  23|0x0000000707e00000, 0x0000000708000000, 0x0000000708000000|100%| O|  |TAMS 0x0000000707e00000, 0x0000000708000000| Untracked 
|  24|0x0000000708000000, 0x0000000708200000, 0x0000000708200000|100%| O|  |TAMS 0x0000000708000000, 0x0000000708200000| Untracked 
|  25|0x0000000708200000, 0x0000000708400000, 0x0000000708400000|100%| O|  |TAMS 0x0000000708200000, 0x0000000708400000| Untracked 
|  26|0x0000000708400000, 0x0000000708600000, 0x0000000708600000|100%| O|  |TAMS 0x0000000708400000, 0x0000000708600000| Untracked 
|  27|0x0000000708600000, 0x0000000708617400, 0x0000000708800000|  4%| O|  |TAMS 0x0000000708600000, 0x0000000708617400| Untracked 
|  28|0x0000000708800000, 0x0000000708800000, 0x0000000708a00000|  0%| F|  |TAMS 0x0000000708800000, 0x0000000708800000| Untracked 
|  29|0x0000000708a00000, 0x0000000708a00000, 0x0000000708c00000|  0%| F|  |TAMS 0x0000000708a00000, 0x0000000708a00000| Untracked 
|  30|0x0000000708c00000, 0x0000000708c00000, 0x0000000708e00000|  0%| F|  |TAMS 0x0000000708c00000, 0x0000000708c00000| Untracked 
|  31|0x0000000708e00000, 0x0000000708e00000, 0x0000000709000000|  0%| F|  |TAMS 0x0000000708e00000, 0x0000000708e00000| Untracked 
|  32|0x0000000709000000, 0x0000000709000000, 0x0000000709200000|  0%| F|  |TAMS 0x0000000709000000, 0x0000000709000000| Untracked 
|  33|0x0000000709200000, 0x0000000709200000, 0x0000000709400000|  0%| F|  |TAMS 0x0000000709200000, 0x0000000709200000| Untracked 
|  34|0x0000000709400000, 0x0000000709400000, 0x0000000709600000|  0%| F|  |TAMS 0x0000000709400000, 0x0000000709400000| Untracked 
|  35|0x0000000709600000, 0x0000000709600000, 0x0000000709800000|  0%| F|  |TAMS 0x0000000709600000, 0x0000000709600000| Untracked 
|  36|0x0000000709800000, 0x00000007099151d0, 0x0000000709a00000| 54%| S|CS|TAMS 0x0000000709800000, 0x0000000709800000| Complete 
|  37|0x0000000709a00000, 0x0000000709a00000, 0x0000000709c00000|  0%| F|  |TAMS 0x0000000709a00000, 0x0000000709a00000| Untracked 
|  38|0x0000000709c00000, 0x0000000709c00000, 0x0000000709e00000|  0%| F|  |TAMS 0x0000000709c00000, 0x0000000709c00000| Untracked 
|  39|0x0000000709e00000, 0x0000000709e00000, 0x000000070a000000|  0%| F|  |TAMS 0x0000000709e00000, 0x0000000709e00000| Untracked 
|  40|0x000000070a000000, 0x000000070a000000, 0x000000070a200000|  0%| F|  |TAMS 0x000000070a000000, 0x000000070a000000| Untracked 
|  41|0x000000070a200000, 0x000000070a200000, 0x000000070a400000|  0%| F|  |TAMS 0x000000070a200000, 0x000000070a200000| Untracked 
|  42|0x000000070a400000, 0x000000070a400000, 0x000000070a600000|  0%| F|  |TAMS 0x000000070a400000, 0x000000070a400000| Untracked 
| 107|0x0000000712600000, 0x0000000712600000, 0x0000000712800000|  0%| F|  |TAMS 0x0000000712600000, 0x0000000712600000| Untracked 
| 108|0x0000000712800000, 0x0000000712800000, 0x0000000712a00000|  0%| F|  |TAMS 0x0000000712800000, 0x0000000712800000| Untracked 
| 109|0x0000000712a00000, 0x0000000712a00000, 0x0000000712c00000|  0%| F|  |TAMS 0x0000000712a00000, 0x0000000712a00000| Untracked 
| 110|0x0000000712c00000, 0x0000000712c00000, 0x0000000712e00000|  0%| F|  |TAMS 0x0000000712c00000, 0x0000000712c00000| Untracked 
| 125|0x0000000714a00000, 0x0000000714a5e308, 0x0000000714c00000| 18%| E|  |TAMS 0x0000000714a00000, 0x0000000714a00000| Complete 

Card table byte_map: [0x0000013ee6940000,0x0000013ee7120000] _byte_map_base: 0x0000013ee3118000

Marking Bits (Prev, Next): (CMBitMap*) 0x0000013ecf0d1da0, (CMBitMap*) 0x0000013ecf0d1de0
 Prev Bits: [0x0000013ee7900000, 0x0000013eeb7c0000)
 Next Bits: [0x0000013eeb7c0000, 0x0000013eef680000)

Polling page: 0x0000013ece810000

Metaspace:

Usage:
  Non-class:     61.82 MB used.
      Class:      9.52 MB used.
       Both:     71.34 MB used.

Virtual space:
  Non-class space:       64.00 MB reserved,      62.13 MB ( 97%) committed,  1 nodes.
      Class space:        1.00 GB reserved,       9.88 MB ( <1%) committed,  1 nodes.
             Both:        1.06 GB reserved,      72.00 MB (  7%) committed. 

Chunk freelists:
   Non-Class:  1.75 MB
       Class:  2.11 MB
        Both:  3.86 MB

MaxMetaspaceSize: unlimited
CompressedClassSpaceSize: 1.00 GB
Initial GC threshold: 21.00 MB
Current GC threshold: 114.38 MB
CDS: on
MetaspaceReclaimPolicy: balanced
 - commit_granule_bytes: 65536.
 - commit_granule_words: 8192.
 - virtual_space_node_default_size: 8388608.
 - enlarge_chunks_in_place: 1.
 - new_chunks_are_fully_committed: 0.
 - uncommit_free_chunks: 1.
 - use_allocation_guard: 0.


Internal statistics:

num_allocs_failed_limit: 9.
num_arena_births: 1028.
num_arena_deaths: 2.
num_vsnodes_births: 2.
num_vsnodes_deaths: 0.
num_space_committed: 1152.
num_space_uncommitted: 0.
num_chunks_returned_to_freelist: 12.
num_chunks_taken_from_freelist: 3609.
num_chunk_merges: 9.
num_chunk_splits: 2586.
num_chunks_enlarged: 2068.
num_inconsistent_stats: 0.

CodeHeap 'non-profiled nmethods': size=120000Kb used=5255Kb max_used=5255Kb free=114745Kb
 bounds [0x0000013ede6e0000, 0x0000013edec10000, 0x0000013ee5c10000]
CodeHeap 'profiled nmethods': size=120000Kb used=15313Kb max_used=15313Kb free=104687Kb
 bounds [0x0000013ed71b0000, 0x0000013ed80b0000, 0x0000013ede6e0000]
CodeHeap 'non-nmethods': size=5760Kb used=1343Kb max_used=1387Kb free=4416Kb
 bounds [0x0000013ed6c10000, 0x0000013ed6e80000, 0x0000013ed71b0000]
 total_blobs=7869 nmethods=7203 adapters=578
 compilation: enabled
              stopped_count=0, restarted_count=0
 full_count=0

Compilation events (20 events):
Event: 33303.583 Thread 0x0000013ef22d26e0 8501       3       java.util.concurrent.ConcurrentLinkedQueue::add (6 bytes)
Event: 33303.584 Thread 0x0000013ef22d26e0 nmethod 8501 0x0000013ed8095810 code [0x0000013ed80959a0, 0x0000013ed8095b68]
Event: 33303.594 Thread 0x0000013ef22cf940 8503       4       org.apache.http.message.ParserCursor::updatePos (100 bytes)
Event: 33303.595 Thread 0x0000013ef22cf940 nmethod 8503 0x0000013edec00790 code [0x0000013edec00900, 0x0000013edec009b8]
Event: 33333.586 Thread 0x0000013ef22cf940 8504       4       java.util.regex.Pattern$Branch::match (66 bytes)
Event: 33333.587 Thread 0x0000013ef22d26e0 8505       3       java.util.concurrent.atomic.AtomicBoolean::set (14 bytes)
Event: 33333.588 Thread 0x0000013ef22d26e0 nmethod 8505 0x0000013ed8095c10 code [0x0000013ed8095da0, 0x0000013ed8095f18]
Event: 33333.588 Thread 0x0000013ef22cf940 nmethod 8504 0x0000013edec00a90 code [0x0000013edec00c20, 0x0000013edec00dd8]
Event: 33333.601 Thread 0x0000013ef22cf940 8506       4       java.lang.String::subSequence (7 bytes)
Event: 33333.602 Thread 0x0000013ef22d26e0 8507       3       org.apache.http.conn.routing.HttpRoute::getHopCount (23 bytes)
Event: 33333.602 Thread 0x0000013ef22d26e0 nmethod 8507 0x0000013ed8095f90 code [0x0000013ed8096140, 0x0000013ed8096388]
Event: 33333.606 Thread 0x0000013ef22cf940 nmethod 8506 0x0000013edec00f90 code [0x0000013edec01120, 0x0000013edec01658]
Event: 33336.574 Thread 0x0000013ef22d26e0 8508       3       java.lang.management.MemoryUsage::<init> (170 bytes)
Event: 33336.575 Thread 0x0000013ef22d26e0 nmethod 8508 0x0000013ed8096490 code [0x0000013ed8096720, 0x0000013ed8097178]
Event: 33336.575 Thread 0x0000013ef22d26e0 8509       3       sun.management.MappedMXBeanType$BasicMXBeanType::toOpenTypeData (2 bytes)
Event: 33336.575 Thread 0x0000013ef22d26e0 nmethod 8509 0x0000013ed8097610 code [0x0000013ed80977a0, 0x0000013ed80978b8]
Event: 33336.575 Thread 0x0000013ef22d26e0 8510   !   3       sun.management.MappedMXBeanType$CompositeDataMXBeanType::toOpenTypeData (225 bytes)
Event: 33336.583 Thread 0x0000013ef22d26e0 nmethod 8510 0x0000013ed8097990 code [0x0000013ed8098580, 0x0000013ed80a0068]
Event: 33336.583 Thread 0x0000013ef22d26e0 8511       1       java.util.stream.TerminalOp::getOpFlags (2 bytes)
Event: 33336.583 Thread 0x0000013ef22d26e0 nmethod 8511 0x0000013edec01910 code [0x0000013edec01aa0, 0x0000013edec01b78]

GC Heap History (20 events):
Event: 8.183 GC heap before
{Heap before GC invocations=15 (full 0):
 garbage-first heap   total 98304K, used 41743K [0x0000000705000000, 0x0000000800000000)
  region size 2048K, 7 young (14336K), 3 survivors (6144K)
 Metaspace       used 59917K, committed 60416K, reserved 1114112K
  class space    used 7957K, committed 8192K, reserved 1048576K
}
Event: 8.188 GC heap after
{Heap after GC invocations=16 (full 0):
 garbage-first heap   total 98304K, used 36292K [0x0000000705000000, 0x0000000800000000)
  region size 2048K, 1 young (2048K), 1 survivors (2048K)
 Metaspace       used 59917K, committed 60416K, reserved 1114112K
  class space    used 7957K, committed 8192K, reserved 1048576K
}
Event: 8.884 GC heap before
{Heap before GC invocations=17 (full 0):
 garbage-first heap   total 98304K, used 75204K [0x0000000705000000, 0x0000000800000000)
  region size 2048K, 20 young (40960K), 1 survivors (2048K)
 Metaspace       used 62510K, committed 63040K, reserved 1114112K
  class space    used 8386K, committed 8640K, reserved 1048576K
}
Event: 8.890 GC heap after
{Heap after GC invocations=18 (full 0):
 garbage-first heap   total 98304K, used 39832K [0x0000000705000000, 0x0000000800000000)
  region size 2048K, 3 young (6144K), 3 survivors (6144K)
 Metaspace       used 62510K, committed 63040K, reserved 1114112K
  class space    used 8386K, committed 8640K, reserved 1048576K
}
Event: 8.929 GC heap before
{Heap before GC invocations=18 (full 0):
 garbage-first heap   total 98304K, used 41880K [0x0000000705000000, 0x0000000800000000)
  region size 2048K, 4 young (8192K), 3 survivors (6144K)
 Metaspace       used 62724K, committed 63296K, reserved 1114112K
  class space    used 8411K, committed 8704K, reserved 1048576K
}
Event: 8.935 GC heap after
{Heap after GC invocations=19 (full 0):
 garbage-first heap   total 98304K, used 39859K [0x0000000705000000, 0x0000000800000000)
  region size 2048K, 1 young (2048K), 1 survivors (2048K)
 Metaspace       used 62724K, committed 63296K, reserved 1114112K
  class space    used 8411K, committed 8704K, reserved 1048576K
}
Event: 9.646 GC heap before
{Heap before GC invocations=19 (full 0):
 garbage-first heap   total 98304K, used 74675K [0x0000000705000000, 0x0000000800000000)
  region size 2048K, 18 young (36864K), 1 survivors (2048K)
 Metaspace       used 64296K, committed 64896K, reserved 1114112K
  class space    used 8642K, committed 8960K, reserved 1048576K
}
Event: 9.650 GC heap after
{Heap after GC invocations=20 (full 0):
 garbage-first heap   total 98304K, used 43610K [0x0000000705000000, 0x0000000800000000)
  region size 2048K, 3 young (6144K), 3 survivors (6144K)
 Metaspace       used 64296K, committed 64896K, reserved 1114112K
  class space    used 8642K, committed 8960K, reserved 1048576K
}
Event: 10.166 GC heap before
{Heap before GC invocations=20 (full 0):
 garbage-first heap   total 98304K, used 74330K [0x0000000705000000, 0x0000000800000000)
  region size 2048K, 18 young (36864K), 3 survivors (6144K)
 Metaspace       used 65899K, committed 66496K, reserved 1114112K
  class space    used 8883K, committed 9152K, reserved 1048576K
}
Event: 10.173 GC heap after
{Heap after GC invocations=21 (full 0):
 garbage-first heap   total 98304K, used 47833K [0x0000000705000000, 0x0000000800000000)
  region size 2048K, 3 young (6144K), 3 survivors (6144K)
 Metaspace       used 65899K, committed 66496K, reserved 1114112K
  class space    used 8883K, committed 9152K, reserved 1048576K
}
Event: 10.612 GC heap before
{Heap before GC invocations=21 (full 0):
 garbage-first heap   total 98304K, used 72409K [0x0000000705000000, 0x0000000800000000)
  region size 2048K, 16 young (32768K), 3 survivors (6144K)
 Metaspace       used 69267K, committed 69888K, reserved 1114112K
  class space    used 9316K, committed 9600K, reserved 1048576K
}
Event: 10.617 GC heap after
{Heap after GC invocations=22 (full 0):
 garbage-first heap   total 98304K, used 51861K [0x0000000705000000, 0x0000000800000000)
  region size 2048K, 2 young (4096K), 2 survivors (4096K)
 Metaspace       used 69267K, committed 69888K, reserved 1114112K
  class space    used 9316K, committed 9600K, reserved 1048576K
}
Event: 311.273 GC heap before
{Heap before GC invocations=23 (full 0):
 garbage-first heap   total 98304K, used 76437K [0x0000000705000000, 0x0000000800000000)
  region size 2048K, 14 young (28672K), 2 survivors (4096K)
 Metaspace       used 72657K, committed 73408K, reserved 1114112K
  class space    used 9745K, committed 10112K, reserved 1048576K
}
Event: 311.278 GC heap after
{Heap after GC invocations=24 (full 0):
 garbage-first heap   total 98304K, used 54026K [0x0000000705000000, 0x0000000800000000)
  region size 2048K, 1 young (2048K), 1 survivors (2048K)
 Metaspace       used 72657K, committed 73408K, reserved 1114112K
  class space    used 9745K, committed 10112K, reserved 1048576K
}
Event: 20110.873 GC heap before
{Heap before GC invocations=24 (full 0):
 garbage-first heap   total 98304K, used 56074K [0x0000000705000000, 0x0000000800000000)
  region size 2048K, 2 young (4096K), 1 survivors (2048K)
 Metaspace       used 72693K, committed 73408K, reserved 1114112K
  class space    used 9746K, committed 10112K, reserved 1048576K
}
Event: 20110.880 GC heap after
{Heap after GC invocations=25 (full 0):
 garbage-first heap   total 98304K, used 53856K [0x0000000705000000, 0x0000000800000000)
  region size 2048K, 1 young (2048K), 1 survivors (2048K)
 Metaspace       used 72693K, committed 73408K, reserved 1114112K
  class space    used 9746K, committed 10112K, reserved 1048576K
}
Event: 32627.408 GC heap before
{Heap before GC invocations=25 (full 0):
 garbage-first heap   total 98304K, used 76384K [0x0000000705000000, 0x0000000800000000)
  region size 2048K, 12 young (24576K), 1 survivors (2048K)
 Metaspace       used 72885K, committed 73600K, reserved 1114112K
  class space    used 9747K, committed 10112K, reserved 1048576K
}
Event: 32627.410 GC heap after
{Heap after GC invocations=26 (full 0):
 garbage-first heap   total 98304K, used 54442K [0x0000000705000000, 0x0000000800000000)
  region size 2048K, 1 young (2048K), 1 survivors (2048K)
 Metaspace       used 72885K, committed 73600K, reserved 1114112K
  class space    used 9747K, committed 10112K, reserved 1048576K
}
Event: 33336.572 GC heap before
{Heap before GC invocations=26 (full 0):
 garbage-first heap   total 98304K, used 76970K [0x0000000705000000, 0x0000000800000000)
  region size 2048K, 12 young (24576K), 1 survivors (2048K)
 Metaspace       used 73046K, committed 73728K, reserved 1114112K
  class space    used 9747K, committed 10112K, reserved 1048576K
}
Event: 33336.574 GC heap after
{Heap after GC invocations=27 (full 0):
 garbage-first heap   total 98304K, used 54449K [0x0000000705000000, 0x0000000800000000)
  region size 2048K, 1 young (2048K), 1 survivors (2048K)
 Metaspace       used 73046K, committed 73728K, reserved 1114112K
  class space    used 9747K, committed 10112K, reserved 1048576K
}

Deoptimization events (20 events):
Event: 32913.452 Thread 0x0000013efa53de30 Uncommon trap: trap_request=0xffffff45 fr.pc=0x0000013ede944624 relative=0x0000000000000544
Event: 32913.452 Thread 0x0000013efa53de30 Uncommon trap: reason=unstable_if action=reinterpret pc=0x0000013ede944624 method=java.util.Properties.load0(Ljava/util/Properties$LineReader;)V @ 79 c2
Event: 32913.452 Thread 0x0000013efa53de30 DEOPT PACKING pc=0x0000013ede944624 sp=0x0000001c8ebfe900
Event: 32913.452 Thread 0x0000013efa53de30 DEOPT UNPACKING pc=0x0000013ed6c623a3 sp=0x0000001c8ebfe8a8 mode 2
Event: 33135.867 Thread 0x0000013efa541320 Uncommon trap: trap_request=0xffffff45 fr.pc=0x0000013edebc98dc relative=0x0000000000000fbc
Event: 33135.867 Thread 0x0000013efa541320 Uncommon trap: reason=unstable_if action=reinterpret pc=0x0000013edebc98dc method=java.util.concurrent.ScheduledThreadPoolExecutor$ScheduledFutureTask.compareTo(Ljava/util/concurrent/Delayed;)I @ 40 c2
Event: 33135.867 Thread 0x0000013efa541320 DEOPT PACKING pc=0x0000013edebc98dc sp=0x0000001c8e1ff000
Event: 33135.867 Thread 0x0000013efa541320 DEOPT UNPACKING pc=0x0000013ed6c623a3 sp=0x0000001c8e1fed70 mode 2
Event: 33145.626 Thread 0x0000013efa541320 Uncommon trap: trap_request=0xffffff45 fr.pc=0x0000013edebc46dc relative=0x0000000000000fbc
Event: 33145.626 Thread 0x0000013efa541320 Uncommon trap: reason=unstable_if action=reinterpret pc=0x0000013edebc46dc method=java.util.concurrent.ScheduledThreadPoolExecutor$ScheduledFutureTask.compareTo(Ljava/util/concurrent/Delayed;)I @ 40 c2
Event: 33145.626 Thread 0x0000013efa541320 DEOPT PACKING pc=0x0000013edebc46dc sp=0x0000001c8e1fef90
Event: 33145.626 Thread 0x0000013efa541320 DEOPT UNPACKING pc=0x0000013ed6c623a3 sp=0x0000001c8e1fed68 mode 2
Event: 33186.872 Thread 0x0000013efa5417f0 Uncommon trap: trap_request=0xffffff45 fr.pc=0x0000013edebc7ea0 relative=0x00000000000007c0
Event: 33186.872 Thread 0x0000013efa5417f0 Uncommon trap: reason=unstable_if action=reinterpret pc=0x0000013edebc7ea0 method=java.util.concurrent.ScheduledThreadPoolExecutor$ScheduledFutureTask.compareTo(Ljava/util/concurrent/Delayed;)I @ 40 c2
Event: 33186.872 Thread 0x0000013efa5417f0 DEOPT PACKING pc=0x0000013edebc7ea0 sp=0x0000001c8e2fefe0
Event: 33186.872 Thread 0x0000013efa5417f0 DEOPT UNPACKING pc=0x0000013ed6c623a3 sp=0x0000001c8e2fee48 mode 2
Event: 33187.870 Thread 0x0000013efa5417f0 Uncommon trap: trap_request=0xffffff45 fr.pc=0x0000013edebb8e54 relative=0x00000000000000b4
Event: 33187.870 Thread 0x0000013efa5417f0 Uncommon trap: reason=unstable_if action=reinterpret pc=0x0000013edebb8e54 method=java.util.concurrent.ScheduledThreadPoolExecutor$ScheduledFutureTask.compareTo(Ljava/util/concurrent/Delayed;)I @ 40 c2
Event: 33187.870 Thread 0x0000013efa5417f0 DEOPT PACKING pc=0x0000013edebb8e54 sp=0x0000001c8e2fef00
Event: 33187.870 Thread 0x0000013efa5417f0 DEOPT UNPACKING pc=0x0000013ed6c623a3 sp=0x0000001c8e2fee88 mode 2

Classes loaded (20 events):
Event: 10.855 Loading class java/nio/channels/Pipe$SinkChannel done
Event: 10.855 Loading class sun/nio/ch/SinkChannelImpl done
Event: 10.855 Loading class sun/nio/ch/SocketChannelImpl$DefaultOptionsHolder
Event: 10.855 Loading class sun/nio/ch/SocketChannelImpl$DefaultOptionsHolder done
Event: 10.856 Loading class java/nio/channels/spi/AbstractSelector$1
Event: 10.856 Loading class java/nio/channels/spi/AbstractSelector$1 done
Event: 10.857 Loading class java/util/TreeMap$ValueSpliterator
Event: 10.857 Loading class java/util/TreeMap$ValueSpliterator done
Event: 10.983 Loading class jdk/internal/math/FDBigInteger
Event: 10.983 Loading class jdk/internal/math/FDBigInteger done
Event: 10.986 Loading class javax/management/ObjectName$PatternProperty
Event: 10.986 Loading class javax/management/ObjectName$PatternProperty done
Event: 10.986 Loading class com/sun/jmx/mbeanserver/Repository$ObjectNamePattern
Event: 10.986 Loading class com/sun/jmx/mbeanserver/Repository$ObjectNamePattern done
Event: 10.988 Loading class com/sun/jmx/interceptor/DefaultMBeanServerInterceptor$ListenerWrapper
Event: 10.988 Loading class com/sun/jmx/interceptor/DefaultMBeanServerInterceptor$ListenerWrapper done
Event: 10.988 Loading class javax/management/NotificationBroadcasterSupport$ListenerInfo
Event: 10.988 Loading class javax/management/NotificationBroadcasterSupport$ListenerInfo done
Event: 20110.845 Loading class java/util/concurrent/locks/ReentrantReadWriteLock$Sync$HoldCounter
Event: 20110.845 Loading class java/util/concurrent/locks/ReentrantReadWriteLock$Sync$HoldCounter done

Classes unloaded (20 events):
Event: 33336.611 Thread 0x0000013ef22a6100 Unloading class 0x0000000800d2e800 'java/lang/invoke/LambdaForm$MH+0x0000000800d2e800'
Event: 33336.611 Thread 0x0000013ef22a6100 Unloading class 0x0000000800d2e000 'java/lang/invoke/LambdaForm$MH+0x0000000800d2e000'
Event: 33336.611 Thread 0x0000013ef22a6100 Unloading class 0x0000000800d2dc00 'java/lang/invoke/LambdaForm$MH+0x0000000800d2dc00'
Event: 33336.611 Thread 0x0000013ef22a6100 Unloading class 0x0000000800d2d800 'java/lang/invoke/LambdaForm$MH+0x0000000800d2d800'
Event: 33336.611 Thread 0x0000013ef22a6100 Unloading class 0x0000000800d2d000 'java/lang/invoke/LambdaForm$MH+0x0000000800d2d000'
Event: 33336.612 Thread 0x0000013ef22a6100 Unloading class 0x0000000800d2c800 'java/lang/invoke/LambdaForm$MH+0x0000000800d2c800'
Event: 33336.612 Thread 0x0000013ef22a6100 Unloading class 0x0000000800d14800 'java/lang/invoke/LambdaForm$MH+0x0000000800d14800'
Event: 33336.612 Thread 0x0000013ef22a6100 Unloading class 0x0000000800d14400 'java/lang/invoke/LambdaForm$MH+0x0000000800d14400'
Event: 33336.612 Thread 0x0000013ef22a6100 Unloading class 0x0000000800d09800 'java/lang/invoke/LambdaForm$MH+0x0000000800d09800'
Event: 33336.612 Thread 0x0000013ef22a6100 Unloading class 0x0000000800d08c00 'java/lang/invoke/LambdaForm$MH+0x0000000800d08c00'
Event: 33336.612 Thread 0x0000013ef22a6100 Unloading class 0x0000000800cb9800 'java/lang/invoke/LambdaForm$MH+0x0000000800cb9800'
Event: 33336.612 Thread 0x0000013ef22a6100 Unloading class 0x0000000800c8d400 'java/lang/invoke/LambdaForm$MH+0x0000000800c8d400'
Event: 33336.612 Thread 0x0000013ef22a6100 Unloading class 0x0000000800c8d000 'java/lang/invoke/LambdaForm$MH+0x0000000800c8d000'
Event: 33336.612 Thread 0x0000013ef22a6100 Unloading class 0x0000000800c84000 'java/lang/invoke/LambdaForm$MH+0x0000000800c84000'
Event: 33336.612 Thread 0x0000013ef22a6100 Unloading class 0x0000000800c14000 'java/lang/invoke/LambdaForm$MH+0x0000000800c14000'
Event: 33336.612 Thread 0x0000013ef22a6100 Unloading class 0x0000000800c0d800 'java/lang/invoke/LambdaForm$MH+0x0000000800c0d800'
Event: 33336.612 Thread 0x0000013ef22a6100 Unloading class 0x0000000800c02400 'java/lang/invoke/LambdaForm$MH+0x0000000800c02400'
Event: 33336.612 Thread 0x0000013ef22a6100 Unloading class 0x0000000800c02000 'java/lang/invoke/LambdaForm$MH+0x0000000800c02000'
Event: 33336.612 Thread 0x0000013ef22a6100 Unloading class 0x0000000800c01c00 'java/lang/invoke/LambdaForm$MH+0x0000000800c01c00'
Event: 33336.612 Thread 0x0000013ef22a6100 Unloading class 0x0000000800c01400 'java/lang/invoke/LambdaForm$MH+0x0000000800c01400'

Classes redefined (0 events):
No events

Internal exceptions (20 events):
Event: 10.501 Thread 0x0000013ef65a29a0 Exception <a 'sun/nio/fs/WindowsException'{0x000000070a05d408}> (0x000000070a05d408) 
thrown [s\src\hotspot\share\prims\jni.cpp, line 516]
Event: 10.799 Thread 0x0000013ef65a29a0 Exception <a 'java/lang/NoSuchMethodError'{0x00000007126a8318}: 'long java.lang.invoke.DirectMethodHandle$Holder.invokeStatic(java.lang.Object, java.lang.Object, int)'> (0x00000007126a8318) 
thrown [s\src\hotspot\share\interpreter\linkResolver.cpp, line 759]
Event: 10.799 Thread 0x0000013ef65a29a0 Exception <a 'java/lang/NoSuchMethodError'{0x00000007126b70b0}: 'java.lang.Object java.lang.invoke.DelegatingMethodHandle$Holder.reinvoke_L(java.lang.Object, int, int, long, java.lang.Object, long, long, long)'> (0x00000007126b70b0) 
thrown [s\src\hotspot\share\interpreter\linkResolver.cpp, line 759]
Event: 10.801 Thread 0x0000013ef65a29a0 Exception <a 'java/lang/NoSuchMethodError'{0x00000007126dd4c8}: 'java.lang.Object java.lang.invoke.DelegatingMethodHandle$Holder.reinvoke_L(java.lang.Object, java.lang.Object, java.lang.Object, java.lang.Object, java.lang.Object, java.lang.Object, java.lang.Object, java.lang.Object, java.lang.Object, java.lang.Object, java.lang.Object, java.lang.Object, java.lang.Object, java.lang.Object, int, java.lang.Object, java.lang.Object, java.lang.Object, java.lang.Object, java.lang.Object, java.lang.Object, java.l
Event: 10.804 Thread 0x0000013ef65a29a0 Exception <a 'java/lang/NoSuchMethodError'{0x000000071273aa00}: 'java.lang.Object java.lang.invoke.DelegatingMethodHandle$Holder.reinvoke_L(java.lang.Object, java.lang.Object, java.lang.Object, java.lang.Object, java.lang.Object, java.lang.Object, java.lang.Object, java.lang.Object, java.lang.Object, java.lang.Object, java.lang.Object, java.lang.Object, java.lang.Object, java.lang.Object, java.lang.Object, java.lang.Object, java.lang.Object, java.lang.Object, java.lang.Object, java.lang.Object, java.lang.O
Event: 10.828 Thread 0x0000013ef65a29a0 Exception <a 'java/lang/ClassNotFoundException'{0x000000070a44b6f8}: java/lang/ObjectCustomizer> (0x000000070a44b6f8) 
thrown [s\src\hotspot\share\classfile\systemDictionary.cpp, line 255]
Event: 10.828 Thread 0x0000013ef65a29a0 Exception <a 'java/lang/ClassNotFoundException'{0x000000070a452718}: com/netflix/discovery/DiscoveryClientCustomizer> (0x000000070a452718) 
thrown [s\src\hotspot\share\classfile\systemDictionary.cpp, line 255]
Event: 10.829 Thread 0x0000013ef65a29a0 Exception <a 'java/lang/ClassNotFoundException'{0x000000070a46c250}: org/springframework/cloud/netflix/eureka/CloudEurekaClientCustomizer> (0x000000070a46c250) 
thrown [s\src\hotspot\share\classfile\systemDictionary.cpp, line 255]
Event: 10.830 Thread 0x0000013ef65a29a0 Exception <a 'java/lang/ClassNotFoundException'{0x000000070a482360}: com/netflix/discovery/EurekaClientCustomizer> (0x000000070a482360) 
thrown [s\src\hotspot\share\classfile\systemDictionary.cpp, line 255]
Event: 10.830 Thread 0x0000013ef65a29a0 Exception <a 'java/lang/ClassNotFoundException'{0x000000070a4934f0}: com/netflix/discovery/shared/LookupServiceCustomizer> (0x000000070a4934f0) 
thrown [s\src\hotspot\share\classfile\systemDictionary.cpp, line 255]
Event: 10.862 Thread 0x0000013efa53c150 Exception <a 'java/lang/NoSuchMethodError'{0x000000070a314db8}: 'long java.lang.invoke.DelegatingMethodHandle$Holder.reinvoke_L(java.lang.Object, java.lang.Object)'> (0x000000070a314db8) 
thrown [s\src\hotspot\share\interpreter\linkResolver.cpp, line 759]
Event: 20112.148 Thread 0x0000013efa5417f0 Implicit null exception at 0x0000013edebce1ae to 0x0000013edebce470
Event: 20112.148 Thread 0x0000013efa5417f0 Implicit null exception at 0x0000013edebce1ae to 0x0000013edebce470
Event: 20112.148 Thread 0x0000013efa5417f0 Implicit null exception at 0x0000013edebce1ae to 0x0000013edebce470
Event: 20112.148 Thread 0x0000013efa5417f0 Implicit null exception at 0x0000013edebce1ae to 0x0000013edebce470
Event: 20112.149 Thread 0x0000013efa5417f0 Implicit null exception at 0x0000013edebcd82b to 0x0000013edebcdae4
Event: 32627.411 Thread 0x0000013ef22a96b0 Exception <a 'java/net/SocketException'{0x0000000714a029f0}: Connection reset by peer: shutdown> (0x0000000714a029f0) 
thrown [s\src\hotspot\share\prims\jni.cpp, line 535]
Event: 32627.411 Thread 0x0000013ef22a96b0 Exception <a 'java/net/SocketException'{0x0000000714a02ed0}: Connection reset by peer: shutdown> (0x0000000714a02ed0) 
thrown [s\src\hotspot\share\prims\jni.cpp, line 535]
Event: 33336.575 Thread 0x0000013ef22a96b0 Exception <a 'java/net/SocketException'{0x0000000714a04958}: Connection reset by peer: shutdown> (0x0000000714a04958) 
thrown [s\src\hotspot\share\prims\jni.cpp, line 535]
Event: 33336.575 Thread 0x0000013ef22a96b0 Exception <a 'java/net/SocketException'{0x0000000714a04db0}: Connection reset by peer: shutdown> (0x0000000714a04db0) 
thrown [s\src\hotspot\share\prims\jni.cpp, line 535]

VM Operations (20 events):
Event: 33136.626 Executing VM operation: Cleanup done
Event: 33153.792 Executing VM operation: Cleanup
Event: 33153.792 Executing VM operation: Cleanup done
Event: 33184.081 Executing VM operation: Cleanup
Event: 33184.081 Executing VM operation: Cleanup done
Event: 33202.253 Executing VM operation: Cleanup
Event: 33202.253 Executing VM operation: Cleanup done
Event: 33203.258 Executing VM operation: Cleanup
Event: 33203.258 Executing VM operation: Cleanup done
Event: 33214.358 Executing VM operation: Cleanup
Event: 33214.358 Executing VM operation: Cleanup done
Event: 33243.623 Executing VM operation: Cleanup
Event: 33243.623 Executing VM operation: Cleanup done
Event: 33304.216 Executing VM operation: Cleanup
Event: 33304.216 Executing VM operation: Cleanup done
Event: 33334.517 Executing VM operation: Cleanup
Event: 33334.517 Executing VM operation: Cleanup done
Event: 33336.572 Executing VM operation: G1CollectForAllocation
Event: 33336.574 Executing VM operation: G1CollectForAllocation done
Event: 33336.609 Executing VM operation: G1Concurrent

Events (20 events):
Event: 11.540 Thread 0x0000013ef7761f80 Thread exited: 0x0000013ef7761f80
Event: 40.819 Thread 0x0000013efa53caf0 Thread added: 0x0000013efa53caf0
Event: 40.819 Thread 0x0000013efa53de30 Thread added: 0x0000013efa53de30
Event: 311.272 Thread 0x0000013efa53ffe0 Thread added: 0x0000013efa53ffe0
Event: 20110.881 Thread 0x0000013ef9821820 Thread added: 0x0000013ef9821820
Event: 20111.754 Thread 0x0000013ef9821820 Thread exited: 0x0000013ef9821820
Event: 20111.766 Thread 0x0000013ef22d5c20 flushing nmethod 0x0000013ed7500410
Event: 20111.771 Thread 0x0000013ef22d5c20 flushing nmethod 0x0000013ed7971b10
Event: 20111.773 Thread 0x0000013ef22d5c20 flushing nmethod 0x0000013ed7ad7b90
Event: 20111.773 Thread 0x0000013ef22d5c20 flushing nmethod 0x0000013ed7ae4110
Event: 20111.790 Thread 0x0000013ef7761a70 Thread added: 0x0000013ef7761a70
Event: 20111.824 Thread 0x0000013ef7761f80 Thread added: 0x0000013ef7761f80
Event: 20112.085 Thread 0x0000013ef7761f80 Thread exited: 0x0000013ef7761f80
Event: 20117.176 Thread 0x0000013ef7761a70 Thread exited: 0x0000013ef7761a70
Event: 32067.409 Thread 0x0000013efa53a940 Thread added: 0x0000013efa53a940
Event: 32067.409 Thread 0x0000013efa53ae10 Thread added: 0x0000013efa53ae10
Event: 32072.419 Thread 0x0000013efa53ae10 Thread exited: 0x0000013efa53ae10
Event: 32072.419 Thread 0x0000013efa53a940 Thread exited: 0x0000013efa53a940
Event: 32073.066 Thread 0x0000013ef7763de0 Thread added: 0x0000013ef7763de0
Event: 32078.092 Thread 0x0000013ef7763de0 Thread exited: 0x0000013ef7763de0


Dynamic libraries:
0x00007ff6137e0000 - 0x00007ff6137ed000 	C:\Users\TPDEV1\.jdks\corretto-18.0.2\bin\java.exe
0x00007ffb4e1b0000 - 0x00007ffb4e3c4000 	C:\WINDOWS\SYSTEM32\ntdll.dll
0x00007ffb4bf90000 - 0x00007ffb4c052000 	C:\WINDOWS\System32\KERNEL32.DLL
0x00007ffb4bbe0000 - 0x00007ffb4bf83000 	C:\WINDOWS\System32\KERNELBASE.dll
0x00007ffb4b8e0000 - 0x00007ffb4b9f1000 	C:\WINDOWS\System32\ucrtbase.dll
0x00007ffb3acc0000 - 0x00007ffb3acd5000 	C:\Users\TPDEV1\.jdks\corretto-18.0.2\bin\VCRUNTIME140.dll
0x00007ffb3aca0000 - 0x00007ffb3acb7000 	C:\Users\TPDEV1\.jdks\corretto-18.0.2\bin\jli.dll
0x00007ffb4d920000 - 0x00007ffb4dacb000 	C:\WINDOWS\System32\USER32.dll
0x00007ffb4b790000 - 0x00007ffb4b7b6000 	C:\WINDOWS\System32\win32u.dll
0x00007ffb2faa0000 - 0x00007ffb2fd2e000 	C:\WINDOWS\WinSxS\amd64_microsoft.windows.common-controls_6595b64144ccf1df_6.0.22621.1635_none_270f70857386168e\COMCTL32.dll
0x00007ffb4c240000 - 0x00007ffb4c269000 	C:\WINDOWS\System32\GDI32.dll
0x00007ffb4de20000 - 0x00007ffb4dec7000 	C:\WINDOWS\System32\msvcrt.dll
0x00007ffb4b7c0000 - 0x00007ffb4b8d9000 	C:\WINDOWS\System32\gdi32full.dll
0x00007ffb4b5b0000 - 0x00007ffb4b64a000 	C:\WINDOWS\System32\msvcp_win.dll
0x00007ffb4c850000 - 0x00007ffb4c881000 	C:\WINDOWS\System32\IMM32.DLL
0x00007ffb3a090000 - 0x00007ffb3a12b000 	C:\Users\TPDEV1\.jdks\corretto-18.0.2\bin\msvcp140.dll
0x00007ffac9490000 - 0x00007ffaca101000 	C:\Users\TPDEV1\.jdks\corretto-18.0.2\bin\server\jvm.dll
0x00007ffb4dad0000 - 0x00007ffb4db7e000 	C:\WINDOWS\System32\ADVAPI32.dll
0x00007ffb4c890000 - 0x00007ffb4c934000 	C:\WINDOWS\System32\sechost.dll
0x00007ffb4c070000 - 0x00007ffb4c187000 	C:\WINDOWS\System32\RPCRT4.dll
0x00007ffb4de10000 - 0x00007ffb4de18000 	C:\WINDOWS\System32\PSAPI.DLL
0x00007ffb2d940000 - 0x00007ffb2d949000 	C:\WINDOWS\SYSTEM32\WSOCK32.dll
0x00007ffb39450000 - 0x00007ffb3945a000 	C:\WINDOWS\SYSTEM32\VERSION.dll
0x00007ffb4ded0000 - 0x00007ffb4df41000 	C:\WINDOWS\System32\WS2_32.dll
0x00007ffb42c60000 - 0x00007ffb42c94000 	C:\WINDOWS\SYSTEM32\WINMM.dll
0x00007ffb4a5c0000 - 0x00007ffb4a5d8000 	C:\WINDOWS\SYSTEM32\kernel.appcore.dll
0x00007ffb42d90000 - 0x00007ffb42d9a000 	C:\Users\TPDEV1\.jdks\corretto-18.0.2\bin\jimage.dll
0x00007ffb48e50000 - 0x00007ffb4907e000 	C:\WINDOWS\SYSTEM32\DBGHELP.DLL
0x00007ffb4c450000 - 0x00007ffb4c7d9000 	C:\WINDOWS\System32\combase.dll
0x00007ffb4c940000 - 0x00007ffb4ca17000 	C:\WINDOWS\System32\OLEAUT32.dll
0x00007ffb3c1c0000 - 0x00007ffb3c1f2000 	C:\WINDOWS\SYSTEM32\dbgcore.DLL
0x00007ffb4b650000 - 0x00007ffb4b6cb000 	C:\WINDOWS\System32\bcryptPrimitives.dll
0x00007ffb48400000 - 0x00007ffb4840e000 	C:\Users\TPDEV1\.jdks\corretto-18.0.2\bin\instrument.dll
0x00007ffb3ac70000 - 0x00007ffb3ac95000 	C:\Users\TPDEV1\.jdks\corretto-18.0.2\bin\java.dll
0x00007ffb39fb0000 - 0x00007ffb3a086000 	C:\Users\TPDEV1\.jdks\corretto-18.0.2\bin\jsvml.dll
0x00007ffb4cf70000 - 0x00007ffb4d76a000 	C:\WINDOWS\System32\SHELL32.dll
0x00007ffb49560000 - 0x00007ffb49e2e000 	C:\WINDOWS\SYSTEM32\windows.storage.dll
0x00007ffb49420000 - 0x00007ffb4955e000 	C:\WINDOWS\SYSTEM32\wintypes.dll
0x00007ffb4c270000 - 0x00007ffb4c361000 	C:\WINDOWS\System32\SHCORE.dll
0x00007ffb4e110000 - 0x00007ffb4e16e000 	C:\WINDOWS\System32\shlwapi.dll
0x00007ffb4b4e0000 - 0x00007ffb4b501000 	C:\WINDOWS\SYSTEM32\profapi.dll
0x00007ffb3ac10000 - 0x00007ffb3ac28000 	C:\Users\TPDEV1\.jdks\corretto-18.0.2\bin\zip.dll
0x00007ffb3ac50000 - 0x00007ffb3ac63000 	C:\Users\TPDEV1\.jdks\corretto-18.0.2\bin\net.dll
0x00007ffb45ad0000 - 0x00007ffb45c07000 	C:\WINDOWS\SYSTEM32\WINHTTP.dll
0x00007ffb4aa20000 - 0x00007ffb4aa89000 	C:\WINDOWS\system32\mswsock.dll
0x00007ffb3ac30000 - 0x00007ffb3ac45000 	C:\Users\TPDEV1\.jdks\corretto-18.0.2\bin\nio.dll
0x00007ffb3a130000 - 0x00007ffb3a14a000 	C:\Program Files\JetBrains\IntelliJ IDEA Community Edition 2022.3.3\bin\breakgen64.dll
0x00007ffb39dc0000 - 0x00007ffb39dd0000 	C:\Users\TPDEV1\.jdks\corretto-18.0.2\bin\verify.dll
0x00007ffb44b80000 - 0x00007ffb44b89000 	C:\Users\TPDEV1\.jdks\corretto-18.0.2\bin\management.dll
0x00007ffb39f20000 - 0x00007ffb39f2b000 	C:\Users\TPDEV1\.jdks\corretto-18.0.2\bin\management_ext.dll
0x00007ffb4a080000 - 0x00007ffb4a0ad000 	C:\WINDOWS\SYSTEM32\IPHLPAPI.DLL
0x00007ffb4d770000 - 0x00007ffb4d779000 	C:\WINDOWS\System32\NSI.dll
0x00007ffb43700000 - 0x00007ffb43719000 	C:\WINDOWS\SYSTEM32\dhcpcsvc6.DLL
0x00007ffb436e0000 - 0x00007ffb436ff000 	C:\WINDOWS\SYSTEM32\dhcpcsvc.DLL
0x00007ffb4a0b0000 - 0x00007ffb4a1a3000 	C:\WINDOWS\SYSTEM32\DNSAPI.dll
0x00007ffb451f0000 - 0x00007ffb451fa000 	C:\Windows\System32\rasadhlp.dll
0x00007ffb43280000 - 0x00007ffb43304000 	C:\WINDOWS\System32\fwpuclnt.dll
0x00007ffb2cf50000 - 0x00007ffb2cf67000 	C:\WINDOWS\system32\napinsp.dll
0x00007ffb2cf30000 - 0x00007ffb2cf4b000 	C:\WINDOWS\system32\pnrpnsp.dll
0x00007ffb2bd00000 - 0x00007ffb2bd11000 	C:\WINDOWS\System32\winrnr.dll
0x00007ffb2cde0000 - 0x00007ffb2cdf5000 	C:\WINDOWS\system32\wshbth.dll
0x00007ffb2cdb0000 - 0x00007ffb2cdd1000 	C:\WINDOWS\system32\nlansp_c.dll
0x00007ffb4adb0000 - 0x00007ffb4adcb000 	C:\WINDOWS\SYSTEM32\CRYPTSP.dll
0x00007ffb4a530000 - 0x00007ffb4a565000 	C:\WINDOWS\system32\rsaenh.dll
0x00007ffb4aac0000 - 0x00007ffb4aae8000 	C:\WINDOWS\SYSTEM32\USERENV.dll
0x00007ffb4af60000 - 0x00007ffb4af88000 	C:\WINDOWS\SYSTEM32\bcrypt.dll
0x00007ffb4ad90000 - 0x00007ffb4ad9c000 	C:\WINDOWS\SYSTEM32\CRYPTBASE.dll

dbghelp: loaded successfully - version: 4.0.5 - missing functions: none
symbol engine: initialized successfully - sym options: 0x614 - pdb path: .;C:\Users\TPDEV1\.jdks\corretto-18.0.2\bin;C:\WINDOWS\SYSTEM32;C:\WINDOWS\WinSxS\amd64_microsoft.windows.common-controls_6595b64144ccf1df_6.0.22621.1635_none_270f70857386168e;C:\Users\TPDEV1\.jdks\corretto-18.0.2\bin\server;C:\Program Files\JetBrains\IntelliJ IDEA Community Edition 2022.3.3\bin

VM Arguments:
jvm_args: -javaagent:C:\Program Files\JetBrains\IntelliJ IDEA Community Edition 2022.3.3\lib\idea_rt.jar=64997:C:\Program Files\JetBrains\IntelliJ IDEA Community Edition 2022.3.3\bin -Dfile.encoding=UTF-8 -Dsun.stdout.encoding=UTF-8 -Dsun.stderr.encoding=UTF-8 
java_command: tn.proosoftcloud.SecurityServiceApplication
java_class_path (initial): C:\Users\TPDEV1\Desktop\Master\Service-security-JWT\target\classes;C:\Users\TPDEV1\.m2\repository\org\springframework\boot\spring-boot-starter-data-jpa\2.6.0\spring-boot-starter-data-jpa-2.6.0.jar;C:\Users\TPDEV1\.m2\repository\org\springframework\boot\spring-boot-starter-aop\2.6.0\spring-boot-starter-aop-2.6.0.jar;C:\Users\TPDEV1\.m2\repository\org\aspectj\aspectjweaver\1.9.7\aspectjweaver-1.9.7.jar;C:\Users\TPDEV1\.m2\repository\org\springframework\boot\spring-boot-starter-jdbc\2.6.0\spring-boot-starter-jdbc-2.6.0.jar;C:\Users\TPDEV1\.m2\repository\com\zaxxer\HikariCP\4.0.3\HikariCP-4.0.3.jar;C:\Users\TPDEV1\.m2\repository\org\springframework\spring-jdbc\5.3.13\spring-jdbc-5.3.13.jar;C:\Users\TPDEV1\.m2\repository\jakarta\transaction\jakarta.transaction-api\1.3.3\jakarta.transaction-api-1.3.3.jar;C:\Users\TPDEV1\.m2\repository\jakarta\persistence\jakarta.persistence-api\2.2.3\jakarta.persistence-api-2.2.3.jar;C:\Users\TPDEV1\.m2\repository\org\hibernate\hibernate-core\5.6.1.Final\hibernate-core-5.6.1.Final.jar;C:\Users\TPDEV1\.m2\repository\org\jboss\logging\jboss-logging\3.4.2.Final\jboss-logging-3.4.2.Final.jar;C:\Users\TPDEV1\.m2\repository\net\bytebuddy\byte-buddy\1.11.22\byte-buddy-1.11.22.jar;C:\Users\TPDEV1\.m2\repository\antlr\antlr\2.7.7\antlr-2.7.7.jar;C:\Users\TPDEV1\.m2\repository\org\jboss\jandex\2.2.3.Final\jandex-2.2.3.Final.jar;C:\Users\TPDEV1\.m2\repository\com\fasterxml\classmate\1.5.1\classmate-1.5.1.jar;C:\Users\TPDEV1\.m2\repository\org\hibernate\common\hibernate-commons-annotations\5.1.2.Final\hibernate-commons-annotations-5.1.2.Final.jar;C:\Users\TPDEV1\.m2\repository\org\glassfish\jaxb\jaxb-runtime\2.3.5\jaxb-runtime-2.3.5.jar;C:\Users\TPDEV1\.m2\repository\org\glassfish\jaxb\txw2\2.3.5\txw2-2.3.5.jar;C:\Users\TPDEV1\.m2\repository\com\sun\istack\istack-commons-runtime\3.0.12\istack-commons-runtime-3.0.12.jar;C:\Users\TPDEV1\.m2\repository\com\sun\activation\jakarta.activation\1.2.2\jakarta.activation-1.2.2.jar;C:\Users\TPDEV1\.m2\repository\org\springframework\data\spring-data-jpa\2.6.0\spring-data-jpa-2.6.0.jar;C:\Users\TPDEV1\.m2\repository\org\springframework\data\spring-data-commons\2.6.0\spring-data-commons-2.6.0.jar;C:\Users\TPDEV1\.m2\repository\org\springframework\spring-orm\5.3.13\spring-orm-5.3.13.jar;C:\Users\TPDEV1\.m2\repository\org\springframework\spring-context\5.3.13\spring-context-5.3.13.jar;C:\Users\TPDEV1\.m2\repository\org\springframework\spring-tx\5.3.13\spring-tx-5.3.13.jar;C:\Users\TPDEV1\.m2\repository\org\springframework\spring-beans\5.3.13\spring-beans-5.3.13.jar;C:\Users\TPDEV1\.m2\repository\org\slf4j\slf4j-api\1.7.32\slf4j-api-1.7.32.jar;C:\Users\TPDEV1\.m2\repository\org\springframework\spring-aspects\5.3.13\spring-aspects-5.3.13.jar;C:\Users\TPDEV1\.m2\repository\com\auth0\java-jwt\3.11.0\java-jwt-3.11.0.jar;C:\Users\TPDEV1\.m2\repository\com\fasterxml\jackson\core\jackson-databind\2.13.0\jackson-databind-2.13.0.jar;C:\Users\TPDEV1\.m2\repository\com\fasterxml\jackson\core\jackson-annotations\2.13.0\jackson-annotations-2.13.0.jar;C:\Users\TPDEV1\.m2\repository\com\fasterxml\jackson\core\jackson-core\2.13.0\jackson-core-2.13.0.jar;C:\Users\TPDEV1\.m2\repository\commons-codec\commons-codec\1.15\commons-codec-1.15.jar;C:\Users\TPDEV1\.m2\repository\org\springframework\boot\spring-boot-starter-data-rest\2.6.0\spring-boot-starter-data-rest-2.6.0.jar;C:\Users\TPDEV1\.m2\repository\org\springframework\data\spring-data-rest-webmvc\3.6.0\spring-data-rest-webmvc-3.6.0.jar;C:\Users\TPDEV1\.m2\repository\org\springframework\data\spring-data-rest-core\3.6.0\spring-data-rest-core-3.6.0.jar;C:\Users\TPDEV1\.m2\repository\org\springframework\hateoas\spring-hateoas\1.4.0\spring-hateoas-1.4.0.jar;C:\Users\TPDEV1\.m2\repository\org\springframework\plugin\spring-plugin-core\2.0.0.RELEASE\spring-plugin-core-2.0.0.RELEASE.jar;C:\Users\TPDEV1\.m2\repository\org\atteo\evo-inflector\1.3\evo-inflector-1.3.jar;C:\Users\TPDEV1\.m2\repository\org\postgresql\postgresql\42.3.1\postgresql-42.3.1.jar;C:\Users\TPDEV1\.m2\repository\org\checkerframework\checker-qual\3.5.0\checker-qual-3.5.0.jar;C:\Users\TPDEV1\.m2\repository\org\springframework\boot\spring-boot-starter-security\2.6.0\spring-boot-starter-security-2.6.0.jar;C:\Users\TPDEV1\.m2\repository\org\springframework\boot\spring-boot-starter\2.6.0\spring-boot-starter-2.6.0.jar;C:\Users\TPDEV1\.m2\repository\org\springframework\boot\spring-boot-starter-logging\2.6.0\spring-boot-starter-logging-2.6.0.jar;C:\Users\TPDEV1\.m2\repository\ch\qos\logback\logback-classic\1.2.7\logback-classic-1.2.7.jar;C:\Users\TPDEV1\.m2\repository\ch\qos\logback\logback-core\1.2.7\logback-core-1.2.7.jar;C:\Users\TPDEV1\.m2\repository\org\apache\logging\log4j\log4j-to-slf4j\2.14.1\log4j-to-slf4j-2.14.1.jar;C:\Users\TPDEV1\.m2\repository\org\apache\logging\log4j\log4j-api\2.14.1\log4j-api-2.14.1.jar;C:\Users\TPDEV1\.m2\repository\org\slf4j\jul-to-slf4j\1.7.32\jul-to-slf4j-1.7.32.jar;C:\Users\TPDEV1\.m2\repository\jakarta\annotation\jakarta.annotation-api\1.3.5\jakarta.annotation-api-1.3.5.jar;C:\Users\TPDEV1\.m2\repository\org\yaml\snakeyaml\1.29\snakeyaml-1.29.jar;C:\Users\TPDEV1\.m2\repository\org\springframework\spring-aop\5.3.13\spring-aop-5.3.13.jar;C:\Users\TPDEV1\.m2\repository\org\springframework\security\spring-security-config\5.6.0\spring-security-config-5.6.0.jar;C:\Users\TPDEV1\.m2\repository\org\springframework\security\spring-security-core\5.6.0\spring-security-core-5.6.0.jar;C:\Users\TPDEV1\.m2\repository\org\springframework\security\spring-security-crypto\5.6.0\spring-security-crypto-5.6.0.jar;C:\Users\TPDEV1\.m2\repository\org\springframework\security\spring-security-web\5.6.0\spring-security-web-5.6.0.jar;C:\Users\TPDEV1\.m2\repository\org\springframework\spring-expression\5.3.13\spring-expression-5.3.13.jar;C:\Users\TPDEV1\.m2\repository\org\springframework\boot\spring-boot-starter-web\2.6.0\spring-boot-starter-web-2.6.0.jar;C:\Users\TPDEV1\.m2\repository\org\springframework\boot\spring-boot-starter-json\2.6.0\spring-boot-starter-json-2.6.0.jar;C:\Users\TPDEV1\.m2\repository\com\fasterxml\jackson\datatype\jackson-datatype-jdk8\2.13.0\jackson-datatype-jdk8-2.13.0.jar;C:\Users\TPDEV1\.m2\repository\com\fasterxml\jackson\datatype\jackson-datatype-jsr310\2.13.0\jackson-datatype-jsr310-2.13.0.jar;C:\Users\TPDEV1\.m2\repository\com\fasterxml\jackson\module\jackson-module-parameter-names\2.13.0\jackson-module-parameter-names-2.13.0.jar;C:\Users\TPDEV1\.m2\repository\org\springframework\boot\spring-boot-starter-tomcat\2.6.0\spring-boot-starter-tomcat-2.6.0.jar;C:\Users\TPDEV1\.m2\repository\org\apache\tomcat\embed\tomcat-embed-core\9.0.55\tomcat-embed-core-9.0.55.jar;C:\Users\TPDEV1\.m2\repository\org\apache\tomcat\embed\tomcat-embed-el\9.0.55\tomcat-embed-el-9.0.55.jar;C:\Users\TPDEV1\.m2\repository\org\apache\tomcat\embed\tomcat-embed-websocket\9.0.55\tomcat-embed-websocket-9.0.55.jar;C:\Users\TPDEV1\.m2\repository\org\springframework\spring-web\5.3.13\spring-web-5.3.13.jar;C:\Users\TPDEV1\.m2\repository\org\springframework\spring-webmvc\5.3.13\spring-webmvc-5.3.13.jar;C:\Users\TPDEV1\.m2\repository\org\springframework\cloud\spring-cloud-starter-netflix-eureka-client\3.1.1\spring-cloud-starter-netflix-eureka-client-3.1.1.jar;C:\Users\TPDEV1\.m2\repository\org\springframework\cloud\spring-cloud-starter\3.1.1\spring-cloud-starter-3.1.1.jar;C:\Users\TPDEV1\.m2\repository\org\springframework\cloud\spring-cloud-context\3.1.1\spring-cloud-context-3.1.1.jar;C:\Users\TPDEV1\.m2\repository\org\springframework\cloud\spring-cloud-commons\3.1.1\spring-cloud-commons-3.1.1.jar;C:\Users\TPDEV1\.m2\repository\org\springframework\security\spring-security-rsa\1.0.10.RELEASE\spring-security-rsa-1.0.10.RELEASE.jar;C:\Users\TPDEV1\.m2\repository\org\bouncycastle\bcpkix-jdk15on\1.68\bcpkix-jdk15on-1.68.jar;C:\Users\TPDEV1\.m2\repository\org\bouncycastle\bcprov-jdk15on\1.68\bcprov-jdk15on-1.68.jar;C:\Users\TPDEV1\.m2\repository\org\springframework\cloud\spring-cloud-netflix-eureka-client\3.1.1\spring-cloud-netflix-eureka-client-3.1.1.jar;C:\Users\TPDEV1\.m2\repository\com\netflix\eureka\eureka-client\1.10.17\eureka-client-1.10.17.jar;C:\Users\TPDEV1\.m2\repository\com\netflix\netflix-commons\netflix-eventbus\0.3.0\netflix-eventbus-0.3.0.jar;C:\Users\TPDEV1\.m2\repository\com\netflix\netflix-commons\netflix-infix\0.3.0\netflix-infix-0.3.0.jar;C:\Users\TPDEV1\.m2\repository\commons-jxpath\commons-jxpath\1.3\commons-jxpath-1.3.jar;C:\Users\TPDEV1\.m2\repository\joda-time\joda-time\2.3\joda-time-2.3.jar;C:\Users\TPDEV1\.m2\repository\javax\servlet\servlet-api\2.5\servlet-api-2.5.jar;C:\Users\TPDEV1\.m2\repository\org\antlr\antlr-runtime\3.4\antlr-runtime-3.4.jar;C:\Users\TPDEV1\.m2\repository\org\antlr\stringtemplate\3.2.1\stringtemplate-3.2.1.jar;C:\Users\TPDEV1\.m2\repository\com\google\code\gson\gson\2.8.9\gson-2.8.9.jar;C:\Users\TPDEV1\.m2\repository\org\apache\commons\commons-math\2.2\commons-math-2.2.jar;C:\Users\TPDEV1\.m2\repository\com\thoughtworks\xstream\xstream\1.4.18\xstream-1.4.18.jar;C:\Users\TPDEV1\.m2\repository\io\github\x-stream\mxparser\1.2.2\mxparser-1.2.2.jar;C:\Users\TPDEV1\.m2\repository\xmlpull\xmlpull\1.1.3.1\xmlpull-1.1.3.1.jar;C:\Users\TPDEV1\.m2\repository\com\netflix\archaius\archaius-core\0.7.6\archaius-core-0.7.6.jar;C:\Users\TPDEV1\.m2\repository\com\google\guava\guava\16.0\guava-16.0.jar;C:\Users\TPDEV1\.m2\repository\javax\ws\rs\jsr311-api\1.1.1\jsr311-api-1.1.1.jar;C:\Users\TPDEV1\.m2\repository\com\netflix\servo\servo-core\0.12.21\servo-core-0.12.21.jar;C:\Users\TPDEV1\.m2\repository\org\apache\httpcomponents\httpclient\4.5.13\httpclient-4.5.13.jar;C:\Users\TPDEV1\.m2\repository\org\apache\httpcomponents\httpcore\4.4.14\httpcore-4.4.14.jar;C:\Users\TPDEV1\.m2\repository\com\google\code\findbugs\jsr305\3.0.2\jsr305-3.0.2.jar;C:\Users\TPDEV1\.m2\repository\commons-configuration\commons-configuration\1.10\commons-configuration-1.10.jar;C:\Users\TPDEV1\.m2\repository\commons-lang\commons-lang\2.6\commons-lang-2.6.jar;C:\Users\TPDEV1\.m2\repository\commons-logging\commons-logging\1.1.1\commons-logging-1.1.1.jar;C:\Users\TPDEV1\.m2\repository\com\google\inject\guice\4.1.0\guice-4.1.0.jar;C:\Users\TPDEV1\.m2\repository\javax\inject\javax.inject\1\javax.inject-1.jar;C:\Users\TPDEV1\.m2\repository\com\github\vlsi\compactmap\compactmap\2.0\compactmap-2.0.jar;C:\Users\TPDEV1\.m2\repository\com\github\andrewoma\dexx\dexx-collections\0.2\dexx-collections-0.2.jar;C:\Users\TPDEV1\.m2\repository\org\codehaus\jettison\jettison\1.4.0\jettison-1.4.0.jar;C:\Users\TPDEV1\.m2\repository\com\netflix\eureka\eureka-core\1.10.17\eureka-core-1.10.17.jar;C:\Users\TPDEV1\.m2\repository\com\fasterxml\woodstox\woodstox-core\6.2.1\woodstox-core-6.2.1.jar;C:\Users\TPDEV1\.m2\repository\org\codehaus\woodstox\stax2-api\4.2.1\stax2-api-4.2.1.jar;C:\Users\TPDEV1\.m2\repository\org\springframework\cloud\spring-cloud-starter-loadbalancer\3.1.1\spring-cloud-starter-loadbalancer-3.1.1.jar;C:\Users\TPDEV1\.m2\repository\org\springframework\cloud\spring-cloud-loadbalancer\3.1.1\spring-cloud-loadbalancer-3.1.1.jar;C:\Users\TPDEV1\.m2\repository\io\projectreactor\reactor-core\3.4.12\reactor-core-3.4.12.jar;C:\Users\TPDEV1\.m2\repository\org\reactivestreams\reactive-streams\1.0.3\reactive-streams-1.0.3.jar;C:\Users\TPDEV1\.m2\repository\io\projectreactor\addons\reactor-extra\3.4.5\reactor-extra-3.4.5.jar;C:\Users\TPDEV1\.m2\repository\org\springframework\boot\spring-boot-starter-cache\2.6.0\spring-boot-starter-cache-2.6.0.jar;C:\Users\TPDEV1\.m2\repository\org\springframework\spring-context-support\5.3.13\spring-context-support-5.3.13.jar;C:\Users\TPDEV1\.m2\repository\com\stoyanr\evictor\1.0.0\evictor-1.0.0.jar;C:\Users\TPDEV1\.m2\repository\org\springframework\boot\spring-boot-devtools\2.6.0\spring-boot-devtools-2.6.0.jar;C:\Users\TPDEV1\.m2\repository\org\springframework\boot\spring-boot\2.6.0\spring-boot-2.6.0.jar;C:\Users\TPDEV1\.m2\repository\org\springframework\boot\spring-boot-autoconfigure\2.6.0\spring-boot-autoconfigure-2.6.0.jar;C:\Users\TPDEV1\.m2\repository\com\h2database\h2\1.4.200\h2-1.4.200.jar;C:\Users\TPDEV1\.m2\repository\org\projectlombok\lombok\1.18.22\lombok-1.18.22.jar;C:\Users\TPDEV1\.m2\repository\com\jayway\jsonpath\json-path\2.6.0\json-path-2.6.0.jar;C:\Users\TPDEV1\.m2\repository\net\minidev\json-smart\2.4.7\json-smart-2.4.7.jar;C:\Users\TPDEV1\.m2\repository\net\minidev\accessors-smart\2.4.7\accessors-smart-2.4.7.jar;C:\Users\TPDEV1\.m2\repository\org\ow2\asm\asm\9.1\asm-9.1.jar;C:\Users\TPDEV1\.m2\repository\jakarta\xml\bind\jakarta.xml.bind-api\2.3.3\jakarta.xml.bind-api-2.3.3.jar;C:\Users\TPDEV1\.m2\repository\jakarta\activation\jakarta.activation-api\1.2.2\jakarta.activation-api-1.2.2.jar;C:\Users\TPDEV1\.m2\repository\org\springframework\spring-core\5.3.13\spring-core-5.3.13.jar;C:\Users\TPDEV1\.m2\repository\org\springframework\spring-jcl\5.3.13\spring-jcl-5.3.13.jar;C:\Users\TPDEV1\.m2\repository\org\springframework\boot\spring-boot-starter-actuator\2.1.4.RELEASE\spring-boot-starter-actuator-2.1.4.RELEASE.jar;C:\Users\TPDEV1\.m2\repository\org\springframework\boot\spring-boot-actuator-autoconfigure\2.6.0\spring-boot-actuator-autoconfigure-2.6.0.jar;C:\Users\TPDEV1\.m2\repository\org\springframework\boot\spring-boot-actuator\2.6.0\spring-boot-actuator-2.6.0.jar;C:\Users\TPDEV1\.m2\repository\io\micrometer\micrometer-core\1.8.0\micrometer-core-1.8.0.jar;C:\Users\TPDEV1\.m2\repository\org\hdrhistogram\HdrHistogram\2.1.12\HdrHistogram-2.1.12.jar;C:\Users\TPDEV1\.m2\repository\org\latencyutils\LatencyUtils\2.0.3\LatencyUtils-2.0.3.jar
Launcher Type: SUN_STANDARD

[Global flags]
     intx CICompilerCount                          = 4                                         {product} {ergonomic}
     uint ConcGCThreads                            = 3                                         {product} {ergonomic}
     uint G1ConcRefinementThreads                  = 10                                        {product} {ergonomic}
   size_t G1HeapRegionSize                         = 2097152                                   {product} {ergonomic}
    uintx GCDrainStackTargetSize                   = 64                                        {product} {ergonomic}
   size_t InitialHeapSize                          = 264241152                                 {product} {ergonomic}
   size_t MarkStackSize                            = 4194304                                   {product} {ergonomic}
   size_t MaxHeapSize                              = 4211081216                                {product} {ergonomic}
   size_t MaxNewSize                               = 2524971008                                {product} {ergonomic}
   size_t MinHeapDeltaBytes                        = 2097152                                   {product} {ergonomic}
   size_t MinHeapSize                              = 8388608                                   {product} {ergonomic}
    uintx NonNMethodCodeHeapSize                   = 5839372                                {pd product} {ergonomic}
    uintx NonProfiledCodeHeapSize                  = 122909434                              {pd product} {ergonomic}
    uintx ProfiledCodeHeapSize                     = 122909434                              {pd product} {ergonomic}
    uintx ReservedCodeCacheSize                    = 251658240                              {pd product} {ergonomic}
     bool SegmentedCodeCache                       = true                                      {product} {ergonomic}
   size_t SoftMaxHeapSize                          = 4211081216                             {manageable} {ergonomic}
     bool UseCompressedClassPointers               = true                           {product lp64_product} {ergonomic}
     bool UseCompressedOops                        = true                           {product lp64_product} {ergonomic}
     bool UseG1GC                                  = true                                      {product} {ergonomic}
     bool UseLargePagesIndividualAllocation        = false                                  {pd product} {ergonomic}

Logging:
Log output configuration:
 #0: stdout all=warning uptime,level,tags foldmultilines=false
 #1: stderr all=off uptime,level,tags foldmultilines=false

Environment Variables:
JAVA_HOME=C:\Program Files\Java\jdk-17
PATH=C:\Program Files\Common Files\Oracle\Java\javapath;C:\Python311\Scripts\;C:\Python311\;C:\WINDOWS\system32;C:\WINDOWS;C:\WINDOWS\System32\Wbem;C:\WINDOWS\System32\WindowsPowerShell\v1.0\;C:\WINDOWS\System32\OpenSSH\;C:\Program Files (x86)\Microsoft SQL Server\150\Tools\Binn\;C:\Program Files\Microsoft SQL Server\150\Tools\Binn\;C:\Program Files (x86)\Microsoft SQL Server\150\DTS\Binn\;C:\Program Files\Microsoft SQL Server\150\DTS\Binn\;C:\Program Files\Microsoft SQL Server\Client SDK\ODBC\170\Tools\Binn\;C:\Program Files (x86)\Microsoft SQL Server\160\DTS\Binn\;C:\Program Files\Azure Data Studio\bin;C:\Program Files\dotnet\;C:\WINDOWS\system32\config\systemprofile\.dnx\bin;C:\Program Files\Microsoft DNX\Dnvm\;C:\Program Files\Microsoft SQL Server\130\Tools\Binn\;C:\ProgramData\chocolatey\bin;C:\Program Files\Git\cmd;C:\Program Files (x86)\Microarea\Magonet\Apps\ClickOnceDeployer;C:\Program Files (x86)\Microarea\Magonet\Apps\Microarea Diagnostics;C:\Program Files (x86)\Microarea\Mago4\Apps\ClickOnceDeployer;C:\Program Files (x86)\Microarea\Mago4\Apps\Microarea Diagnostics;C:\Program Files (x86)\nodejs\;C:\Program Files\Docker\Docker\resources\bin;C:\Program Files\Meld\;C:\Program Files\swipl\bin;C:\Program Files\Tesseract-OCR;C:\Users\TPDEV1\AppData\Local\Programs\Python\Python310\Scripts\;C:\Users\TPDEV1\AppData\Local\Programs\Python\Python310\;C:\Users\TPDEV1\AppData\Local\Microsoft\WindowsApps;;C:\Program Files\Azure Data Studio\bin;C:\Users\TPDEV1\AppData\Local\Programs\Microsoft VS Code\bin;C:\Users\TPDEV1\.dotnet\tools;C:\Program Files\JetBrains\IntelliJ IDEA Community Edition 2022.3.3\bin;;C:\Users\TPDEV1\AppData\Roaming\npm;C:\Program Files\JetBrains\PyCharm 2023.1.2\bin;
USERNAME=TPDEV1
OS=Windows_NT
PROCESSOR_IDENTIFIER=Intel64 Family 6 Model 154 Stepping 4, GenuineIntel



---------------  S Y S T E M  ---------------

OS:
 Windows 11 , 64 bit Build 22621 (10.0.22621.1778)
OS uptime: 0 days 12:50 hours
Hyper-V role detected

CPU: total 12 (initial active 12) (6 cores per cpu, 2 threads per core) family 6 model 154 stepping 4 microcode 0x423, cx8, cmov, fxsr, ht, mmx, 3dnowpref, sse, sse2, sse3, ssse3, sse4.1, sse4.2, popcnt, lzcnt, tsc, tscinvbit, avx, avx2, aes, erms, clmul, bmi1, bmi2, adx, sha, fma, vzeroupper, clflush, clflushopt, clwb, hv, serialize

Memory: 4k page, system-wide physical 16057M (1843M free)
TotalPageFile size 42681M (AvailPageFile size 15544M)
current process WorkingSet (physical memory assigned to process): 275M, peak: 317M
current process commit charge ("private bytes"): 317M, peak: 413M

vm_info: OpenJDK 64-Bit Server VM (18.0.2+9-FR) for windows-amd64 JRE (18.0.2+9-FR), built on Jul 15 2022 20:03:03 by "Administrator" with MS VC++ 15.9 (VS2017)

END.
